   0  $accept : Program $end

   1  Program : ClassList

   2  ClassList : ClassList ClassDef
   3            | ClassDef

   4  VariableDef : Variable ';'

   5  Variable : Type IDENTIFIER

   6  Type : INT
   7       | VOID
   8       | BOOL
   9       | STRING
  10       | CLASS IDENTIFIER
  11       | Type '[' ']'

  12  ClassDef : CLASS IDENTIFIER ExtendsClause '{' FieldList '}'

  13  ExtendsClause : EXTENDS IDENTIFIER
  14                |

  15  FieldList : FieldList VariableDef
  16            | FieldList FunctionDef
  17            |

  18  Formals : VariableList
  19          |

  20  VariableList : VariableList ',' Variable
  21               | Variable

  22  FunctionDef : STATIC Type IDENTIFIER '(' Formals ')' StmtBlock
  23              | Type IDENTIFIER '(' Formals ')' StmtBlock

  24  StmtBlock : '{' StmtList '}'

  25  StmtList : StmtList Stmt
  26           |

  27  Stmt : VariableDef
  28       | SimpleStmt ';'
  29       | IfStmt
  30       | GuardStmt
  31       | WhileStmt
  32       | ForStmt
  33       | ReturnStmt ';'
  34       | PrintStmt ';'
  35       | BreakStmt ';'
  36       | StmtBlock

  37  SimpleStmt : LValue '=' Expr
  38             | Call
  39             |

  40  Receiver : Expr '.'
  41           |

  42  LValue : Receiver IDENTIFIER
  43         | Expr '[' Expr ']'

  44  Call : Receiver IDENTIFIER '(' Actuals ')'

  45  Expr : LValue
  46       | Call
  47       | Constant
  48       | Expr '?' Expr ':' Expr
  49       | Expr '+' Expr
  50       | Expr '-' Expr
  51       | Expr '*' Expr
  52       | Expr '/' Expr
  53       | Expr '%' Expr
  54       | Expr EQUAL Expr
  55       | Expr NOT_EQUAL Expr
  56       | Expr '<' Expr
  57       | Expr '>' Expr
  58       | Expr LESS_EQUAL Expr
  59       | Expr GREATER_EQUAL Expr
  60       | Expr AND Expr
  61       | Expr OR Expr
  62       | '(' Expr ')'
  63       | INC Expr
  64       | DEC Expr
  65       | Expr INC
  66       | Expr DEC
  67       | '-' Expr
  68       | '!' Expr
  69       | READ_INTEGER '(' ')'
  70       | READ_LINE '(' ')'
  71       | THIS
  72       | NEW IDENTIFIER '(' ')'
  73       | NEW Type '[' Expr ']'
  74       | INSTANCEOF '(' Expr ',' IDENTIFIER ')'
  75       | NUMINSTANCES '(' IDENTIFIER ')'
  76       | '(' CLASS IDENTIFIER ')' Expr

  77  Constant : LITERAL
  78           | NULL

  79  Actuals : ExprList
  80          |

  81  ExprList : ExprList ',' Expr
  82           | Expr

  83  WhileStmt : WHILE '(' Expr ')' Stmt

  84  ForStmt : FOR '(' SimpleStmt ';' Expr ';' SimpleStmt ')' Stmt

  85  BreakStmt : BREAK

  86  IfStmt : IF '(' Expr ')' Stmt ElseClause

  87  ElseClause : ELSE Stmt
  88             |

  89  GuardStmt : IF GuardClauses FI
  90            | DO GuardClauses OD

  91  GuardClauses : GuardClauses GUARD_SEPERATOR Expr ':' Stmt
  92               | Expr ':' Stmt

  93  ReturnStmt : RETURN Expr
  94             | RETURN

  95  PrintStmt : PRINT '(' ExprList ')'

state 0
	$accept : . Program $end  (0)

	CLASS  shift 1
	.  error

	Program  goto 2
	ClassList  goto 3
	ClassDef  goto 4


state 1
	ClassDef : CLASS . IDENTIFIER ExtendsClause '{' FieldList '}'  (12)

	IDENTIFIER  shift 5
	.  error


state 2
	$accept : Program . $end  (0)

	$end  accept


state 3
	Program : ClassList .  (1)
	ClassList : ClassList . ClassDef  (2)

	CLASS  shift 1
	$end  reduce 1

	ClassDef  goto 6


state 4
	ClassList : ClassDef .  (3)

	.  reduce 3


state 5
	ClassDef : CLASS IDENTIFIER . ExtendsClause '{' FieldList '}'  (12)
	ExtendsClause : .  (14)

	EXTENDS  shift 7
	'{'  reduce 14

	ExtendsClause  goto 8


state 6
	ClassList : ClassList ClassDef .  (2)

	.  reduce 2


state 7
	ExtendsClause : EXTENDS . IDENTIFIER  (13)

	IDENTIFIER  shift 9
	.  error


state 8
	ClassDef : CLASS IDENTIFIER ExtendsClause . '{' FieldList '}'  (12)

	'{'  shift 10
	.  error


state 9
	ExtendsClause : EXTENDS IDENTIFIER .  (13)

	.  reduce 13


state 10
	ClassDef : CLASS IDENTIFIER ExtendsClause '{' . FieldList '}'  (12)
	FieldList : .  (17)

	.  reduce 17

	FieldList  goto 11


state 11
	ClassDef : CLASS IDENTIFIER ExtendsClause '{' FieldList . '}'  (12)
	FieldList : FieldList . VariableDef  (15)
	FieldList : FieldList . FunctionDef  (16)

	VOID  shift 12
	BOOL  shift 13
	INT  shift 14
	STRING  shift 15
	CLASS  shift 16
	STATIC  shift 17
	'}'  shift 18
	.  error

	VariableDef  goto 19
	Variable  goto 20
	Type  goto 21
	FunctionDef  goto 22


state 12
	Type : VOID .  (7)

	.  reduce 7


state 13
	Type : BOOL .  (8)

	.  reduce 8


state 14
	Type : INT .  (6)

	.  reduce 6


state 15
	Type : STRING .  (9)

	.  reduce 9


state 16
	Type : CLASS . IDENTIFIER  (10)

	IDENTIFIER  shift 23
	.  error


state 17
	FunctionDef : STATIC . Type IDENTIFIER '(' Formals ')' StmtBlock  (22)

	VOID  shift 12
	BOOL  shift 13
	INT  shift 14
	STRING  shift 15
	CLASS  shift 16
	.  error

	Type  goto 24


state 18
	ClassDef : CLASS IDENTIFIER ExtendsClause '{' FieldList '}' .  (12)

	.  reduce 12


state 19
	FieldList : FieldList VariableDef .  (15)

	.  reduce 15


state 20
	VariableDef : Variable . ';'  (4)

	';'  shift 25
	.  error


state 21
	Variable : Type . IDENTIFIER  (5)
	Type : Type . '[' ']'  (11)
	FunctionDef : Type . IDENTIFIER '(' Formals ')' StmtBlock  (23)

	IDENTIFIER  shift 26
	'['  shift 27
	.  error


state 22
	FieldList : FieldList FunctionDef .  (16)

	.  reduce 16


state 23
	Type : CLASS IDENTIFIER .  (10)

	.  reduce 10


state 24
	Type : Type . '[' ']'  (11)
	FunctionDef : STATIC Type . IDENTIFIER '(' Formals ')' StmtBlock  (22)

	IDENTIFIER  shift 28
	'['  shift 27
	.  error


state 25
	VariableDef : Variable ';' .  (4)

	.  reduce 4


state 26
	Variable : Type IDENTIFIER .  (5)
	FunctionDef : Type IDENTIFIER . '(' Formals ')' StmtBlock  (23)

	'('  shift 29
	';'  reduce 5


state 27
	Type : Type '[' . ']'  (11)

	']'  shift 30
	.  error


state 28
	FunctionDef : STATIC Type IDENTIFIER . '(' Formals ')' StmtBlock  (22)

	'('  shift 31
	.  error


state 29
	FunctionDef : Type IDENTIFIER '(' . Formals ')' StmtBlock  (23)
	Formals : .  (19)

	VOID  shift 12
	BOOL  shift 13
	INT  shift 14
	STRING  shift 15
	CLASS  shift 16
	')'  reduce 19

	Variable  goto 32
	Type  goto 33
	Formals  goto 34
	VariableList  goto 35


state 30
	Type : Type '[' ']' .  (11)

	.  reduce 11


state 31
	FunctionDef : STATIC Type IDENTIFIER '(' . Formals ')' StmtBlock  (22)
	Formals : .  (19)

	VOID  shift 12
	BOOL  shift 13
	INT  shift 14
	STRING  shift 15
	CLASS  shift 16
	')'  reduce 19

	Variable  goto 32
	Type  goto 33
	Formals  goto 36
	VariableList  goto 35


state 32
	VariableList : Variable .  (21)

	.  reduce 21


state 33
	Variable : Type . IDENTIFIER  (5)
	Type : Type . '[' ']'  (11)

	IDENTIFIER  shift 37
	'['  shift 27
	.  error


state 34
	FunctionDef : Type IDENTIFIER '(' Formals . ')' StmtBlock  (23)

	')'  shift 38
	.  error


state 35
	Formals : VariableList .  (18)
	VariableList : VariableList . ',' Variable  (20)

	','  shift 39
	')'  reduce 18


state 36
	FunctionDef : STATIC Type IDENTIFIER '(' Formals . ')' StmtBlock  (22)

	')'  shift 40
	.  error


state 37
	Variable : Type IDENTIFIER .  (5)

	.  reduce 5


state 38
	FunctionDef : Type IDENTIFIER '(' Formals ')' . StmtBlock  (23)

	'{'  shift 41
	.  error

	StmtBlock  goto 42


state 39
	VariableList : VariableList ',' . Variable  (20)

	VOID  shift 12
	BOOL  shift 13
	INT  shift 14
	STRING  shift 15
	CLASS  shift 16
	.  error

	Variable  goto 43
	Type  goto 33


state 40
	FunctionDef : STATIC Type IDENTIFIER '(' Formals ')' . StmtBlock  (22)

	'{'  shift 41
	.  error

	StmtBlock  goto 44


state 41
	StmtBlock : '{' . StmtList '}'  (24)
	StmtList : .  (26)

	.  reduce 26

	StmtList  goto 45


state 42
	FunctionDef : Type IDENTIFIER '(' Formals ')' StmtBlock .  (23)

	.  reduce 23


state 43
	VariableList : VariableList ',' Variable .  (20)

	.  reduce 20


state 44
	FunctionDef : STATIC Type IDENTIFIER '(' Formals ')' StmtBlock .  (22)

	.  reduce 22


state 45
	StmtBlock : '{' StmtList . '}'  (24)
	StmtList : StmtList . Stmt  (25)
	SimpleStmt : .  (39)
	Receiver : .  (41)

	VOID  shift 12
	BOOL  shift 13
	INT  shift 14
	STRING  shift 15
	CLASS  shift 16
	NULL  shift 46
	THIS  shift 47
	WHILE  shift 48
	FOR  shift 49
	IF  shift 50
	RETURN  shift 51
	BREAK  shift 52
	NEW  shift 53
	DO  shift 54
	PRINT  shift 55
	READ_INTEGER  shift 56
	READ_LINE  shift 57
	LITERAL  shift 58
	INSTANCEOF  shift 59
	NUMINSTANCES  shift 60
	INC  shift 61
	DEC  shift 62
	'-'  shift 63
	'!'  shift 64
	'('  shift 65
	'{'  shift 41
	'}'  shift 66
	IDENTIFIER  reduce 41
	';'  reduce 39

	VariableDef  goto 67
	Variable  goto 20
	Type  goto 33
	StmtBlock  goto 68
	Stmt  goto 69
	SimpleStmt  goto 70
	IfStmt  goto 71
	GuardStmt  goto 72
	WhileStmt  goto 73
	ForStmt  goto 74
	ReturnStmt  goto 75
	PrintStmt  goto 76
	BreakStmt  goto 77
	LValue  goto 78
	Expr  goto 79
	Call  goto 80
	Receiver  goto 81
	Constant  goto 82


state 46
	Constant : NULL .  (78)

	.  reduce 78


state 47
	Expr : THIS .  (71)

	.  reduce 71


state 48
	WhileStmt : WHILE . '(' Expr ')' Stmt  (83)

	'('  shift 83
	.  error


state 49
	ForStmt : FOR . '(' SimpleStmt ';' Expr ';' SimpleStmt ')' Stmt  (84)

	'('  shift 84
	.  error


state 50
	IfStmt : IF . '(' Expr ')' Stmt ElseClause  (86)
	GuardStmt : IF . GuardClauses FI  (89)
	Receiver : .  (41)

	NULL  shift 46
	THIS  shift 47
	NEW  shift 53
	READ_INTEGER  shift 56
	READ_LINE  shift 57
	LITERAL  shift 58
	INSTANCEOF  shift 59
	NUMINSTANCES  shift 60
	INC  shift 61
	DEC  shift 62
	'-'  shift 63
	'!'  shift 64
	'('  shift 85
	IDENTIFIER  reduce 41

	LValue  goto 86
	Expr  goto 87
	Call  goto 88
	Receiver  goto 81
	Constant  goto 82
	GuardClauses  goto 89


state 51
	ReturnStmt : RETURN . Expr  (93)
	ReturnStmt : RETURN .  (94)
	Receiver : .  (41)

	NULL  shift 46
	THIS  shift 47
	NEW  shift 53
	READ_INTEGER  shift 56
	READ_LINE  shift 57
	LITERAL  shift 58
	INSTANCEOF  shift 59
	NUMINSTANCES  shift 60
	INC  shift 61
	DEC  shift 62
	'-'  shift 63
	'!'  shift 64
	'('  shift 65
	IDENTIFIER  reduce 41
	';'  reduce 94

	LValue  goto 86
	Expr  goto 90
	Call  goto 88
	Receiver  goto 81
	Constant  goto 82


state 52
	BreakStmt : BREAK .  (85)

	.  reduce 85


state 53
	Expr : NEW . IDENTIFIER '(' ')'  (72)
	Expr : NEW . Type '[' Expr ']'  (73)

	VOID  shift 12
	BOOL  shift 13
	INT  shift 14
	STRING  shift 15
	CLASS  shift 16
	IDENTIFIER  shift 91
	.  error

	Type  goto 92


state 54
	GuardStmt : DO . GuardClauses OD  (90)
	Receiver : .  (41)

	NULL  shift 46
	THIS  shift 47
	NEW  shift 53
	READ_INTEGER  shift 56
	READ_LINE  shift 57
	LITERAL  shift 58
	INSTANCEOF  shift 59
	NUMINSTANCES  shift 60
	INC  shift 61
	DEC  shift 62
	'-'  shift 63
	'!'  shift 64
	'('  shift 65
	IDENTIFIER  reduce 41

	LValue  goto 86
	Expr  goto 87
	Call  goto 88
	Receiver  goto 81
	Constant  goto 82
	GuardClauses  goto 93


state 55
	PrintStmt : PRINT . '(' ExprList ')'  (95)

	'('  shift 94
	.  error


state 56
	Expr : READ_INTEGER . '(' ')'  (69)

	'('  shift 95
	.  error


state 57
	Expr : READ_LINE . '(' ')'  (70)

	'('  shift 96
	.  error


state 58
	Constant : LITERAL .  (77)

	.  reduce 77


state 59
	Expr : INSTANCEOF . '(' Expr ',' IDENTIFIER ')'  (74)

	'('  shift 97
	.  error


state 60
	Expr : NUMINSTANCES . '(' IDENTIFIER ')'  (75)

	'('  shift 98
	.  error


state 61
	Expr : INC . Expr  (63)
	Receiver : .  (41)

	NULL  shift 46
	THIS  shift 47
	NEW  shift 53
	READ_INTEGER  shift 56
	READ_LINE  shift 57
	LITERAL  shift 58
	INSTANCEOF  shift 59
	NUMINSTANCES  shift 60
	INC  shift 61
	DEC  shift 62
	'-'  shift 63
	'!'  shift 64
	'('  shift 65
	IDENTIFIER  reduce 41

	LValue  goto 86
	Expr  goto 99
	Call  goto 88
	Receiver  goto 81
	Constant  goto 82


state 62
	Expr : DEC . Expr  (64)
	Receiver : .  (41)

	NULL  shift 46
	THIS  shift 47
	NEW  shift 53
	READ_INTEGER  shift 56
	READ_LINE  shift 57
	LITERAL  shift 58
	INSTANCEOF  shift 59
	NUMINSTANCES  shift 60
	INC  shift 61
	DEC  shift 62
	'-'  shift 63
	'!'  shift 64
	'('  shift 65
	IDENTIFIER  reduce 41

	LValue  goto 86
	Expr  goto 100
	Call  goto 88
	Receiver  goto 81
	Constant  goto 82


state 63
	Expr : '-' . Expr  (67)
	Receiver : .  (41)

	NULL  shift 46
	THIS  shift 47
	NEW  shift 53
	READ_INTEGER  shift 56
	READ_LINE  shift 57
	LITERAL  shift 58
	INSTANCEOF  shift 59
	NUMINSTANCES  shift 60
	INC  shift 61
	DEC  shift 62
	'-'  shift 63
	'!'  shift 64
	'('  shift 65
	IDENTIFIER  reduce 41

	LValue  goto 86
	Expr  goto 101
	Call  goto 88
	Receiver  goto 81
	Constant  goto 82


state 64
	Expr : '!' . Expr  (68)
	Receiver : .  (41)

	NULL  shift 46
	THIS  shift 47
	NEW  shift 53
	READ_INTEGER  shift 56
	READ_LINE  shift 57
	LITERAL  shift 58
	INSTANCEOF  shift 59
	NUMINSTANCES  shift 60
	INC  shift 61
	DEC  shift 62
	'-'  shift 63
	'!'  shift 64
	'('  shift 65
	IDENTIFIER  reduce 41

	LValue  goto 86
	Expr  goto 102
	Call  goto 88
	Receiver  goto 81
	Constant  goto 82


state 65
	Expr : '(' . Expr ')'  (62)
	Expr : '(' . CLASS IDENTIFIER ')' Expr  (76)
	Receiver : .  (41)

	CLASS  shift 103
	NULL  shift 46
	THIS  shift 47
	NEW  shift 53
	READ_INTEGER  shift 56
	READ_LINE  shift 57
	LITERAL  shift 58
	INSTANCEOF  shift 59
	NUMINSTANCES  shift 60
	INC  shift 61
	DEC  shift 62
	'-'  shift 63
	'!'  shift 64
	'('  shift 65
	IDENTIFIER  reduce 41

	LValue  goto 86
	Expr  goto 104
	Call  goto 88
	Receiver  goto 81
	Constant  goto 82


state 66
	StmtBlock : '{' StmtList '}' .  (24)

	.  reduce 24


state 67
	Stmt : VariableDef .  (27)

	.  reduce 27


state 68
	Stmt : StmtBlock .  (36)

	.  reduce 36


state 69
	StmtList : StmtList Stmt .  (25)

	.  reduce 25


state 70
	Stmt : SimpleStmt . ';'  (28)

	';'  shift 105
	.  error


state 71
	Stmt : IfStmt .  (29)

	.  reduce 29


state 72
	Stmt : GuardStmt .  (30)

	.  reduce 30


state 73
	Stmt : WhileStmt .  (31)

	.  reduce 31


state 74
	Stmt : ForStmt .  (32)

	.  reduce 32


state 75
	Stmt : ReturnStmt . ';'  (33)

	';'  shift 106
	.  error


state 76
	Stmt : PrintStmt . ';'  (34)

	';'  shift 107
	.  error


state 77
	Stmt : BreakStmt . ';'  (35)

	';'  shift 108
	.  error


state 78
	SimpleStmt : LValue . '=' Expr  (37)
	Expr : LValue .  (45)

	'='  shift 109
	AND  reduce 45
	OR  reduce 45
	INC  reduce 45
	DEC  reduce 45
	LESS_EQUAL  reduce 45
	GREATER_EQUAL  reduce 45
	EQUAL  reduce 45
	NOT_EQUAL  reduce 45
	'+'  reduce 45
	'-'  reduce 45
	'*'  reduce 45
	'/'  reduce 45
	'%'  reduce 45
	'>'  reduce 45
	'<'  reduce 45
	'.'  reduce 45
	'['  reduce 45
	'?'  reduce 45


state 79
	Receiver : Expr . '.'  (40)
	LValue : Expr . '[' Expr ']'  (43)
	Expr : Expr . '?' Expr ':' Expr  (48)
	Expr : Expr . '+' Expr  (49)
	Expr : Expr . '-' Expr  (50)
	Expr : Expr . '*' Expr  (51)
	Expr : Expr . '/' Expr  (52)
	Expr : Expr . '%' Expr  (53)
	Expr : Expr . EQUAL Expr  (54)
	Expr : Expr . NOT_EQUAL Expr  (55)
	Expr : Expr . '<' Expr  (56)
	Expr : Expr . '>' Expr  (57)
	Expr : Expr . LESS_EQUAL Expr  (58)
	Expr : Expr . GREATER_EQUAL Expr  (59)
	Expr : Expr . AND Expr  (60)
	Expr : Expr . OR Expr  (61)
	Expr : Expr . INC  (65)
	Expr : Expr . DEC  (66)

	AND  shift 110
	OR  shift 111
	INC  shift 112
	DEC  shift 113
	LESS_EQUAL  shift 114
	GREATER_EQUAL  shift 115
	EQUAL  shift 116
	NOT_EQUAL  shift 117
	'+'  shift 118
	'-'  shift 119
	'*'  shift 120
	'/'  shift 121
	'%'  shift 122
	'>'  shift 123
	'<'  shift 124
	'.'  shift 125
	'['  shift 126
	'?'  shift 127
	.  error


state 80
	SimpleStmt : Call .  (38)
	Expr : Call .  (46)

	AND  reduce 46
	OR  reduce 46
	INC  reduce 46
	DEC  reduce 46
	LESS_EQUAL  reduce 46
	GREATER_EQUAL  reduce 46
	EQUAL  reduce 46
	NOT_EQUAL  reduce 46
	'+'  reduce 46
	'-'  reduce 46
	'*'  reduce 46
	'/'  reduce 46
	'%'  reduce 46
	'>'  reduce 46
	'<'  reduce 46
	'.'  reduce 46
	';'  reduce 38
	')'  reduce 38
	'['  reduce 46
	'?'  reduce 46


state 81
	LValue : Receiver . IDENTIFIER  (42)
	Call : Receiver . IDENTIFIER '(' Actuals ')'  (44)

	IDENTIFIER  shift 128
	.  error


state 82
	Expr : Constant .  (47)

	.  reduce 47


state 83
	WhileStmt : WHILE '(' . Expr ')' Stmt  (83)
	Receiver : .  (41)

	NULL  shift 46
	THIS  shift 47
	NEW  shift 53
	READ_INTEGER  shift 56
	READ_LINE  shift 57
	LITERAL  shift 58
	INSTANCEOF  shift 59
	NUMINSTANCES  shift 60
	INC  shift 61
	DEC  shift 62
	'-'  shift 63
	'!'  shift 64
	'('  shift 65
	IDENTIFIER  reduce 41

	LValue  goto 86
	Expr  goto 129
	Call  goto 88
	Receiver  goto 81
	Constant  goto 82


state 84
	ForStmt : FOR '(' . SimpleStmt ';' Expr ';' SimpleStmt ')' Stmt  (84)
	SimpleStmt : .  (39)
	Receiver : .  (41)

	NULL  shift 46
	THIS  shift 47
	NEW  shift 53
	READ_INTEGER  shift 56
	READ_LINE  shift 57
	LITERAL  shift 58
	INSTANCEOF  shift 59
	NUMINSTANCES  shift 60
	INC  shift 61
	DEC  shift 62
	'-'  shift 63
	'!'  shift 64
	'('  shift 65
	IDENTIFIER  reduce 41
	';'  reduce 39

	SimpleStmt  goto 130
	LValue  goto 78
	Expr  goto 79
	Call  goto 80
	Receiver  goto 81
	Constant  goto 82


state 85
	Expr : '(' . Expr ')'  (62)
	Expr : '(' . CLASS IDENTIFIER ')' Expr  (76)
	IfStmt : IF '(' . Expr ')' Stmt ElseClause  (86)
	Receiver : .  (41)

	CLASS  shift 103
	NULL  shift 46
	THIS  shift 47
	NEW  shift 53
	READ_INTEGER  shift 56
	READ_LINE  shift 57
	LITERAL  shift 58
	INSTANCEOF  shift 59
	NUMINSTANCES  shift 60
	INC  shift 61
	DEC  shift 62
	'-'  shift 63
	'!'  shift 64
	'('  shift 65
	IDENTIFIER  reduce 41

	LValue  goto 86
	Expr  goto 131
	Call  goto 88
	Receiver  goto 81
	Constant  goto 82


state 86
	Expr : LValue .  (45)

	.  reduce 45


state 87
	Receiver : Expr . '.'  (40)
	LValue : Expr . '[' Expr ']'  (43)
	Expr : Expr . '?' Expr ':' Expr  (48)
	Expr : Expr . '+' Expr  (49)
	Expr : Expr . '-' Expr  (50)
	Expr : Expr . '*' Expr  (51)
	Expr : Expr . '/' Expr  (52)
	Expr : Expr . '%' Expr  (53)
	Expr : Expr . EQUAL Expr  (54)
	Expr : Expr . NOT_EQUAL Expr  (55)
	Expr : Expr . '<' Expr  (56)
	Expr : Expr . '>' Expr  (57)
	Expr : Expr . LESS_EQUAL Expr  (58)
	Expr : Expr . GREATER_EQUAL Expr  (59)
	Expr : Expr . AND Expr  (60)
	Expr : Expr . OR Expr  (61)
	Expr : Expr . INC  (65)
	Expr : Expr . DEC  (66)
	GuardClauses : Expr . ':' Stmt  (92)

	AND  shift 110
	OR  shift 111
	INC  shift 112
	DEC  shift 113
	LESS_EQUAL  shift 114
	GREATER_EQUAL  shift 115
	EQUAL  shift 116
	NOT_EQUAL  shift 117
	'+'  shift 118
	'-'  shift 119
	'*'  shift 120
	'/'  shift 121
	'%'  shift 122
	'>'  shift 123
	'<'  shift 124
	'.'  shift 125
	'['  shift 126
	':'  shift 132
	'?'  shift 127
	.  error


state 88
	Expr : Call .  (46)

	.  reduce 46


state 89
	GuardStmt : IF GuardClauses . FI  (89)
	GuardClauses : GuardClauses . GUARD_SEPERATOR Expr ':' Stmt  (91)

	FI  shift 133
	GUARD_SEPERATOR  shift 134
	.  error


state 90
	Receiver : Expr . '.'  (40)
	LValue : Expr . '[' Expr ']'  (43)
	Expr : Expr . '?' Expr ':' Expr  (48)
	Expr : Expr . '+' Expr  (49)
	Expr : Expr . '-' Expr  (50)
	Expr : Expr . '*' Expr  (51)
	Expr : Expr . '/' Expr  (52)
	Expr : Expr . '%' Expr  (53)
	Expr : Expr . EQUAL Expr  (54)
	Expr : Expr . NOT_EQUAL Expr  (55)
	Expr : Expr . '<' Expr  (56)
	Expr : Expr . '>' Expr  (57)
	Expr : Expr . LESS_EQUAL Expr  (58)
	Expr : Expr . GREATER_EQUAL Expr  (59)
	Expr : Expr . AND Expr  (60)
	Expr : Expr . OR Expr  (61)
	Expr : Expr . INC  (65)
	Expr : Expr . DEC  (66)
	ReturnStmt : RETURN Expr .  (93)

	AND  shift 110
	OR  shift 111
	INC  shift 112
	DEC  shift 113
	LESS_EQUAL  shift 114
	GREATER_EQUAL  shift 115
	EQUAL  shift 116
	NOT_EQUAL  shift 117
	'+'  shift 118
	'-'  shift 119
	'*'  shift 120
	'/'  shift 121
	'%'  shift 122
	'>'  shift 123
	'<'  shift 124
	'.'  shift 125
	'['  shift 126
	'?'  shift 127
	';'  reduce 93


state 91
	Expr : NEW IDENTIFIER . '(' ')'  (72)

	'('  shift 135
	.  error


state 92
	Type : Type . '[' ']'  (11)
	Expr : NEW Type . '[' Expr ']'  (73)

	'['  shift 136
	.  error


state 93
	GuardStmt : DO GuardClauses . OD  (90)
	GuardClauses : GuardClauses . GUARD_SEPERATOR Expr ':' Stmt  (91)

	OD  shift 137
	GUARD_SEPERATOR  shift 134
	.  error


state 94
	PrintStmt : PRINT '(' . ExprList ')'  (95)
	Receiver : .  (41)

	NULL  shift 46
	THIS  shift 47
	NEW  shift 53
	READ_INTEGER  shift 56
	READ_LINE  shift 57
	LITERAL  shift 58
	INSTANCEOF  shift 59
	NUMINSTANCES  shift 60
	INC  shift 61
	DEC  shift 62
	'-'  shift 63
	'!'  shift 64
	'('  shift 65
	IDENTIFIER  reduce 41

	LValue  goto 86
	Expr  goto 138
	Call  goto 88
	Receiver  goto 81
	Constant  goto 82
	ExprList  goto 139


state 95
	Expr : READ_INTEGER '(' . ')'  (69)

	')'  shift 140
	.  error


state 96
	Expr : READ_LINE '(' . ')'  (70)

	')'  shift 141
	.  error


state 97
	Expr : INSTANCEOF '(' . Expr ',' IDENTIFIER ')'  (74)
	Receiver : .  (41)

	NULL  shift 46
	THIS  shift 47
	NEW  shift 53
	READ_INTEGER  shift 56
	READ_LINE  shift 57
	LITERAL  shift 58
	INSTANCEOF  shift 59
	NUMINSTANCES  shift 60
	INC  shift 61
	DEC  shift 62
	'-'  shift 63
	'!'  shift 64
	'('  shift 65
	IDENTIFIER  reduce 41

	LValue  goto 86
	Expr  goto 142
	Call  goto 88
	Receiver  goto 81
	Constant  goto 82


state 98
	Expr : NUMINSTANCES '(' . IDENTIFIER ')'  (75)

	IDENTIFIER  shift 143
	.  error


state 99
	Receiver : Expr . '.'  (40)
	LValue : Expr . '[' Expr ']'  (43)
	Expr : Expr . '?' Expr ':' Expr  (48)
	Expr : Expr . '+' Expr  (49)
	Expr : Expr . '-' Expr  (50)
	Expr : Expr . '*' Expr  (51)
	Expr : Expr . '/' Expr  (52)
	Expr : Expr . '%' Expr  (53)
	Expr : Expr . EQUAL Expr  (54)
	Expr : Expr . NOT_EQUAL Expr  (55)
	Expr : Expr . '<' Expr  (56)
	Expr : Expr . '>' Expr  (57)
	Expr : Expr . LESS_EQUAL Expr  (58)
	Expr : Expr . GREATER_EQUAL Expr  (59)
	Expr : Expr . AND Expr  (60)
	Expr : Expr . OR Expr  (61)
	Expr : INC Expr .  (63)
	Expr : Expr . INC  (65)
	Expr : Expr . DEC  (66)

	'.'  shift 125
	'['  shift 126
	AND  reduce 63
	OR  reduce 63
	LESS_EQUAL  reduce 63
	GREATER_EQUAL  reduce 63
	EQUAL  reduce 63
	NOT_EQUAL  reduce 63
	'+'  reduce 63
	'-'  reduce 63
	'*'  reduce 63
	'/'  reduce 63
	'%'  reduce 63
	'>'  reduce 63
	'<'  reduce 63
	','  reduce 63
	';'  reduce 63
	')'  reduce 63
	']'  reduce 63
	':'  reduce 63
	'?'  reduce 63


state 100
	Receiver : Expr . '.'  (40)
	LValue : Expr . '[' Expr ']'  (43)
	Expr : Expr . '?' Expr ':' Expr  (48)
	Expr : Expr . '+' Expr  (49)
	Expr : Expr . '-' Expr  (50)
	Expr : Expr . '*' Expr  (51)
	Expr : Expr . '/' Expr  (52)
	Expr : Expr . '%' Expr  (53)
	Expr : Expr . EQUAL Expr  (54)
	Expr : Expr . NOT_EQUAL Expr  (55)
	Expr : Expr . '<' Expr  (56)
	Expr : Expr . '>' Expr  (57)
	Expr : Expr . LESS_EQUAL Expr  (58)
	Expr : Expr . GREATER_EQUAL Expr  (59)
	Expr : Expr . AND Expr  (60)
	Expr : Expr . OR Expr  (61)
	Expr : DEC Expr .  (64)
	Expr : Expr . INC  (65)
	Expr : Expr . DEC  (66)

	'.'  shift 125
	'['  shift 126
	AND  reduce 64
	OR  reduce 64
	LESS_EQUAL  reduce 64
	GREATER_EQUAL  reduce 64
	EQUAL  reduce 64
	NOT_EQUAL  reduce 64
	'+'  reduce 64
	'-'  reduce 64
	'*'  reduce 64
	'/'  reduce 64
	'%'  reduce 64
	'>'  reduce 64
	'<'  reduce 64
	','  reduce 64
	';'  reduce 64
	')'  reduce 64
	']'  reduce 64
	':'  reduce 64
	'?'  reduce 64


state 101
	Receiver : Expr . '.'  (40)
	LValue : Expr . '[' Expr ']'  (43)
	Expr : Expr . '?' Expr ':' Expr  (48)
	Expr : Expr . '+' Expr  (49)
	Expr : Expr . '-' Expr  (50)
	Expr : Expr . '*' Expr  (51)
	Expr : Expr . '/' Expr  (52)
	Expr : Expr . '%' Expr  (53)
	Expr : Expr . EQUAL Expr  (54)
	Expr : Expr . NOT_EQUAL Expr  (55)
	Expr : Expr . '<' Expr  (56)
	Expr : Expr . '>' Expr  (57)
	Expr : Expr . LESS_EQUAL Expr  (58)
	Expr : Expr . GREATER_EQUAL Expr  (59)
	Expr : Expr . AND Expr  (60)
	Expr : Expr . OR Expr  (61)
	Expr : Expr . INC  (65)
	Expr : Expr . DEC  (66)
	Expr : '-' Expr .  (67)

	INC  shift 112
	DEC  shift 113
	'.'  shift 125
	'['  shift 126
	AND  reduce 67
	OR  reduce 67
	LESS_EQUAL  reduce 67
	GREATER_EQUAL  reduce 67
	EQUAL  reduce 67
	NOT_EQUAL  reduce 67
	'+'  reduce 67
	'-'  reduce 67
	'*'  reduce 67
	'/'  reduce 67
	'%'  reduce 67
	'>'  reduce 67
	'<'  reduce 67
	','  reduce 67
	';'  reduce 67
	')'  reduce 67
	']'  reduce 67
	':'  reduce 67
	'?'  reduce 67


state 102
	Receiver : Expr . '.'  (40)
	LValue : Expr . '[' Expr ']'  (43)
	Expr : Expr . '?' Expr ':' Expr  (48)
	Expr : Expr . '+' Expr  (49)
	Expr : Expr . '-' Expr  (50)
	Expr : Expr . '*' Expr  (51)
	Expr : Expr . '/' Expr  (52)
	Expr : Expr . '%' Expr  (53)
	Expr : Expr . EQUAL Expr  (54)
	Expr : Expr . NOT_EQUAL Expr  (55)
	Expr : Expr . '<' Expr  (56)
	Expr : Expr . '>' Expr  (57)
	Expr : Expr . LESS_EQUAL Expr  (58)
	Expr : Expr . GREATER_EQUAL Expr  (59)
	Expr : Expr . AND Expr  (60)
	Expr : Expr . OR Expr  (61)
	Expr : Expr . INC  (65)
	Expr : Expr . DEC  (66)
	Expr : '!' Expr .  (68)

	INC  shift 112
	DEC  shift 113
	'.'  shift 125
	'['  shift 126
	AND  reduce 68
	OR  reduce 68
	LESS_EQUAL  reduce 68
	GREATER_EQUAL  reduce 68
	EQUAL  reduce 68
	NOT_EQUAL  reduce 68
	'+'  reduce 68
	'-'  reduce 68
	'*'  reduce 68
	'/'  reduce 68
	'%'  reduce 68
	'>'  reduce 68
	'<'  reduce 68
	','  reduce 68
	';'  reduce 68
	')'  reduce 68
	']'  reduce 68
	':'  reduce 68
	'?'  reduce 68


state 103
	Expr : '(' CLASS . IDENTIFIER ')' Expr  (76)

	IDENTIFIER  shift 144
	.  error


state 104
	Receiver : Expr . '.'  (40)
	LValue : Expr . '[' Expr ']'  (43)
	Expr : Expr . '?' Expr ':' Expr  (48)
	Expr : Expr . '+' Expr  (49)
	Expr : Expr . '-' Expr  (50)
	Expr : Expr . '*' Expr  (51)
	Expr : Expr . '/' Expr  (52)
	Expr : Expr . '%' Expr  (53)
	Expr : Expr . EQUAL Expr  (54)
	Expr : Expr . NOT_EQUAL Expr  (55)
	Expr : Expr . '<' Expr  (56)
	Expr : Expr . '>' Expr  (57)
	Expr : Expr . LESS_EQUAL Expr  (58)
	Expr : Expr . GREATER_EQUAL Expr  (59)
	Expr : Expr . AND Expr  (60)
	Expr : Expr . OR Expr  (61)
	Expr : '(' Expr . ')'  (62)
	Expr : Expr . INC  (65)
	Expr : Expr . DEC  (66)

	AND  shift 110
	OR  shift 111
	INC  shift 112
	DEC  shift 113
	LESS_EQUAL  shift 114
	GREATER_EQUAL  shift 115
	EQUAL  shift 116
	NOT_EQUAL  shift 117
	'+'  shift 118
	'-'  shift 119
	'*'  shift 120
	'/'  shift 121
	'%'  shift 122
	'>'  shift 123
	'<'  shift 124
	'.'  shift 125
	')'  shift 145
	'['  shift 126
	'?'  shift 127
	.  error


state 105
	Stmt : SimpleStmt ';' .  (28)

	.  reduce 28


state 106
	Stmt : ReturnStmt ';' .  (33)

	.  reduce 33


state 107
	Stmt : PrintStmt ';' .  (34)

	.  reduce 34


state 108
	Stmt : BreakStmt ';' .  (35)

	.  reduce 35


state 109
	SimpleStmt : LValue '=' . Expr  (37)
	Receiver : .  (41)

	NULL  shift 46
	THIS  shift 47
	NEW  shift 53
	READ_INTEGER  shift 56
	READ_LINE  shift 57
	LITERAL  shift 58
	INSTANCEOF  shift 59
	NUMINSTANCES  shift 60
	INC  shift 61
	DEC  shift 62
	'-'  shift 63
	'!'  shift 64
	'('  shift 65
	IDENTIFIER  reduce 41

	LValue  goto 86
	Expr  goto 146
	Call  goto 88
	Receiver  goto 81
	Constant  goto 82


state 110
	Expr : Expr AND . Expr  (60)
	Receiver : .  (41)

	NULL  shift 46
	THIS  shift 47
	NEW  shift 53
	READ_INTEGER  shift 56
	READ_LINE  shift 57
	LITERAL  shift 58
	INSTANCEOF  shift 59
	NUMINSTANCES  shift 60
	INC  shift 61
	DEC  shift 62
	'-'  shift 63
	'!'  shift 64
	'('  shift 65
	IDENTIFIER  reduce 41

	LValue  goto 86
	Expr  goto 147
	Call  goto 88
	Receiver  goto 81
	Constant  goto 82


state 111
	Expr : Expr OR . Expr  (61)
	Receiver : .  (41)

	NULL  shift 46
	THIS  shift 47
	NEW  shift 53
	READ_INTEGER  shift 56
	READ_LINE  shift 57
	LITERAL  shift 58
	INSTANCEOF  shift 59
	NUMINSTANCES  shift 60
	INC  shift 61
	DEC  shift 62
	'-'  shift 63
	'!'  shift 64
	'('  shift 65
	IDENTIFIER  reduce 41

	LValue  goto 86
	Expr  goto 148
	Call  goto 88
	Receiver  goto 81
	Constant  goto 82


state 112
	Expr : Expr INC .  (65)

	.  reduce 65


state 113
	Expr : Expr DEC .  (66)

	.  reduce 66


state 114
	Expr : Expr LESS_EQUAL . Expr  (58)
	Receiver : .  (41)

	NULL  shift 46
	THIS  shift 47
	NEW  shift 53
	READ_INTEGER  shift 56
	READ_LINE  shift 57
	LITERAL  shift 58
	INSTANCEOF  shift 59
	NUMINSTANCES  shift 60
	INC  shift 61
	DEC  shift 62
	'-'  shift 63
	'!'  shift 64
	'('  shift 65
	IDENTIFIER  reduce 41

	LValue  goto 86
	Expr  goto 149
	Call  goto 88
	Receiver  goto 81
	Constant  goto 82


state 115
	Expr : Expr GREATER_EQUAL . Expr  (59)
	Receiver : .  (41)

	NULL  shift 46
	THIS  shift 47
	NEW  shift 53
	READ_INTEGER  shift 56
	READ_LINE  shift 57
	LITERAL  shift 58
	INSTANCEOF  shift 59
	NUMINSTANCES  shift 60
	INC  shift 61
	DEC  shift 62
	'-'  shift 63
	'!'  shift 64
	'('  shift 65
	IDENTIFIER  reduce 41

	LValue  goto 86
	Expr  goto 150
	Call  goto 88
	Receiver  goto 81
	Constant  goto 82


state 116
	Expr : Expr EQUAL . Expr  (54)
	Receiver : .  (41)

	NULL  shift 46
	THIS  shift 47
	NEW  shift 53
	READ_INTEGER  shift 56
	READ_LINE  shift 57
	LITERAL  shift 58
	INSTANCEOF  shift 59
	NUMINSTANCES  shift 60
	INC  shift 61
	DEC  shift 62
	'-'  shift 63
	'!'  shift 64
	'('  shift 65
	IDENTIFIER  reduce 41

	LValue  goto 86
	Expr  goto 151
	Call  goto 88
	Receiver  goto 81
	Constant  goto 82


state 117
	Expr : Expr NOT_EQUAL . Expr  (55)
	Receiver : .  (41)

	NULL  shift 46
	THIS  shift 47
	NEW  shift 53
	READ_INTEGER  shift 56
	READ_LINE  shift 57
	LITERAL  shift 58
	INSTANCEOF  shift 59
	NUMINSTANCES  shift 60
	INC  shift 61
	DEC  shift 62
	'-'  shift 63
	'!'  shift 64
	'('  shift 65
	IDENTIFIER  reduce 41

	LValue  goto 86
	Expr  goto 152
	Call  goto 88
	Receiver  goto 81
	Constant  goto 82


state 118
	Expr : Expr '+' . Expr  (49)
	Receiver : .  (41)

	NULL  shift 46
	THIS  shift 47
	NEW  shift 53
	READ_INTEGER  shift 56
	READ_LINE  shift 57
	LITERAL  shift 58
	INSTANCEOF  shift 59
	NUMINSTANCES  shift 60
	INC  shift 61
	DEC  shift 62
	'-'  shift 63
	'!'  shift 64
	'('  shift 65
	IDENTIFIER  reduce 41

	LValue  goto 86
	Expr  goto 153
	Call  goto 88
	Receiver  goto 81
	Constant  goto 82


state 119
	Expr : Expr '-' . Expr  (50)
	Receiver : .  (41)

	NULL  shift 46
	THIS  shift 47
	NEW  shift 53
	READ_INTEGER  shift 56
	READ_LINE  shift 57
	LITERAL  shift 58
	INSTANCEOF  shift 59
	NUMINSTANCES  shift 60
	INC  shift 61
	DEC  shift 62
	'-'  shift 63
	'!'  shift 64
	'('  shift 65
	IDENTIFIER  reduce 41

	LValue  goto 86
	Expr  goto 154
	Call  goto 88
	Receiver  goto 81
	Constant  goto 82


state 120
	Expr : Expr '*' . Expr  (51)
	Receiver : .  (41)

	NULL  shift 46
	THIS  shift 47
	NEW  shift 53
	READ_INTEGER  shift 56
	READ_LINE  shift 57
	LITERAL  shift 58
	INSTANCEOF  shift 59
	NUMINSTANCES  shift 60
	INC  shift 61
	DEC  shift 62
	'-'  shift 63
	'!'  shift 64
	'('  shift 65
	IDENTIFIER  reduce 41

	LValue  goto 86
	Expr  goto 155
	Call  goto 88
	Receiver  goto 81
	Constant  goto 82


state 121
	Expr : Expr '/' . Expr  (52)
	Receiver : .  (41)

	NULL  shift 46
	THIS  shift 47
	NEW  shift 53
	READ_INTEGER  shift 56
	READ_LINE  shift 57
	LITERAL  shift 58
	INSTANCEOF  shift 59
	NUMINSTANCES  shift 60
	INC  shift 61
	DEC  shift 62
	'-'  shift 63
	'!'  shift 64
	'('  shift 65
	IDENTIFIER  reduce 41

	LValue  goto 86
	Expr  goto 156
	Call  goto 88
	Receiver  goto 81
	Constant  goto 82


state 122
	Expr : Expr '%' . Expr  (53)
	Receiver : .  (41)

	NULL  shift 46
	THIS  shift 47
	NEW  shift 53
	READ_INTEGER  shift 56
	READ_LINE  shift 57
	LITERAL  shift 58
	INSTANCEOF  shift 59
	NUMINSTANCES  shift 60
	INC  shift 61
	DEC  shift 62
	'-'  shift 63
	'!'  shift 64
	'('  shift 65
	IDENTIFIER  reduce 41

	LValue  goto 86
	Expr  goto 157
	Call  goto 88
	Receiver  goto 81
	Constant  goto 82


state 123
	Expr : Expr '>' . Expr  (57)
	Receiver : .  (41)

	NULL  shift 46
	THIS  shift 47
	NEW  shift 53
	READ_INTEGER  shift 56
	READ_LINE  shift 57
	LITERAL  shift 58
	INSTANCEOF  shift 59
	NUMINSTANCES  shift 60
	INC  shift 61
	DEC  shift 62
	'-'  shift 63
	'!'  shift 64
	'('  shift 65
	IDENTIFIER  reduce 41

	LValue  goto 86
	Expr  goto 158
	Call  goto 88
	Receiver  goto 81
	Constant  goto 82


state 124
	Expr : Expr '<' . Expr  (56)
	Receiver : .  (41)

	NULL  shift 46
	THIS  shift 47
	NEW  shift 53
	READ_INTEGER  shift 56
	READ_LINE  shift 57
	LITERAL  shift 58
	INSTANCEOF  shift 59
	NUMINSTANCES  shift 60
	INC  shift 61
	DEC  shift 62
	'-'  shift 63
	'!'  shift 64
	'('  shift 65
	IDENTIFIER  reduce 41

	LValue  goto 86
	Expr  goto 159
	Call  goto 88
	Receiver  goto 81
	Constant  goto 82


state 125
	Receiver : Expr '.' .  (40)

	.  reduce 40


state 126
	LValue : Expr '[' . Expr ']'  (43)
	Receiver : .  (41)

	NULL  shift 46
	THIS  shift 47
	NEW  shift 53
	READ_INTEGER  shift 56
	READ_LINE  shift 57
	LITERAL  shift 58
	INSTANCEOF  shift 59
	NUMINSTANCES  shift 60
	INC  shift 61
	DEC  shift 62
	'-'  shift 63
	'!'  shift 64
	'('  shift 65
	IDENTIFIER  reduce 41

	LValue  goto 86
	Expr  goto 160
	Call  goto 88
	Receiver  goto 81
	Constant  goto 82


state 127
	Expr : Expr '?' . Expr ':' Expr  (48)
	Receiver : .  (41)

	NULL  shift 46
	THIS  shift 47
	NEW  shift 53
	READ_INTEGER  shift 56
	READ_LINE  shift 57
	LITERAL  shift 58
	INSTANCEOF  shift 59
	NUMINSTANCES  shift 60
	INC  shift 61
	DEC  shift 62
	'-'  shift 63
	'!'  shift 64
	'('  shift 65
	IDENTIFIER  reduce 41

	LValue  goto 86
	Expr  goto 161
	Call  goto 88
	Receiver  goto 81
	Constant  goto 82


state 128
	LValue : Receiver IDENTIFIER .  (42)
	Call : Receiver IDENTIFIER . '(' Actuals ')'  (44)

	'('  shift 162
	AND  reduce 42
	OR  reduce 42
	INC  reduce 42
	DEC  reduce 42
	LESS_EQUAL  reduce 42
	GREATER_EQUAL  reduce 42
	EQUAL  reduce 42
	NOT_EQUAL  reduce 42
	'+'  reduce 42
	'-'  reduce 42
	'*'  reduce 42
	'/'  reduce 42
	'%'  reduce 42
	'='  reduce 42
	'>'  reduce 42
	'<'  reduce 42
	'.'  reduce 42
	','  reduce 42
	';'  reduce 42
	')'  reduce 42
	'['  reduce 42
	']'  reduce 42
	':'  reduce 42
	'?'  reduce 42


state 129
	Receiver : Expr . '.'  (40)
	LValue : Expr . '[' Expr ']'  (43)
	Expr : Expr . '?' Expr ':' Expr  (48)
	Expr : Expr . '+' Expr  (49)
	Expr : Expr . '-' Expr  (50)
	Expr : Expr . '*' Expr  (51)
	Expr : Expr . '/' Expr  (52)
	Expr : Expr . '%' Expr  (53)
	Expr : Expr . EQUAL Expr  (54)
	Expr : Expr . NOT_EQUAL Expr  (55)
	Expr : Expr . '<' Expr  (56)
	Expr : Expr . '>' Expr  (57)
	Expr : Expr . LESS_EQUAL Expr  (58)
	Expr : Expr . GREATER_EQUAL Expr  (59)
	Expr : Expr . AND Expr  (60)
	Expr : Expr . OR Expr  (61)
	Expr : Expr . INC  (65)
	Expr : Expr . DEC  (66)
	WhileStmt : WHILE '(' Expr . ')' Stmt  (83)

	AND  shift 110
	OR  shift 111
	INC  shift 112
	DEC  shift 113
	LESS_EQUAL  shift 114
	GREATER_EQUAL  shift 115
	EQUAL  shift 116
	NOT_EQUAL  shift 117
	'+'  shift 118
	'-'  shift 119
	'*'  shift 120
	'/'  shift 121
	'%'  shift 122
	'>'  shift 123
	'<'  shift 124
	'.'  shift 125
	')'  shift 163
	'['  shift 126
	'?'  shift 127
	.  error


state 130
	ForStmt : FOR '(' SimpleStmt . ';' Expr ';' SimpleStmt ')' Stmt  (84)

	';'  shift 164
	.  error


state 131
	Receiver : Expr . '.'  (40)
	LValue : Expr . '[' Expr ']'  (43)
	Expr : Expr . '?' Expr ':' Expr  (48)
	Expr : Expr . '+' Expr  (49)
	Expr : Expr . '-' Expr  (50)
	Expr : Expr . '*' Expr  (51)
	Expr : Expr . '/' Expr  (52)
	Expr : Expr . '%' Expr  (53)
	Expr : Expr . EQUAL Expr  (54)
	Expr : Expr . NOT_EQUAL Expr  (55)
	Expr : Expr . '<' Expr  (56)
	Expr : Expr . '>' Expr  (57)
	Expr : Expr . LESS_EQUAL Expr  (58)
	Expr : Expr . GREATER_EQUAL Expr  (59)
	Expr : Expr . AND Expr  (60)
	Expr : Expr . OR Expr  (61)
	Expr : '(' Expr . ')'  (62)
	Expr : Expr . INC  (65)
	Expr : Expr . DEC  (66)
	IfStmt : IF '(' Expr . ')' Stmt ElseClause  (86)

	AND  shift 110
	OR  shift 111
	INC  shift 112
	DEC  shift 113
	LESS_EQUAL  shift 114
	GREATER_EQUAL  shift 115
	EQUAL  shift 116
	NOT_EQUAL  shift 117
	'+'  shift 118
	'-'  shift 119
	'*'  shift 120
	'/'  shift 121
	'%'  shift 122
	'>'  shift 123
	'<'  shift 124
	'.'  shift 125
	')'  shift 165
	'['  shift 126
	'?'  shift 127
	.  error


state 132
	GuardClauses : Expr ':' . Stmt  (92)
	SimpleStmt : .  (39)
	Receiver : .  (41)

	VOID  shift 12
	BOOL  shift 13
	INT  shift 14
	STRING  shift 15
	CLASS  shift 16
	NULL  shift 46
	THIS  shift 47
	WHILE  shift 48
	FOR  shift 49
	IF  shift 50
	RETURN  shift 51
	BREAK  shift 52
	NEW  shift 53
	DO  shift 54
	PRINT  shift 55
	READ_INTEGER  shift 56
	READ_LINE  shift 57
	LITERAL  shift 58
	INSTANCEOF  shift 59
	NUMINSTANCES  shift 60
	INC  shift 61
	DEC  shift 62
	'-'  shift 63
	'!'  shift 64
	'('  shift 65
	'{'  shift 41
	IDENTIFIER  reduce 41
	';'  reduce 39

	VariableDef  goto 67
	Variable  goto 20
	Type  goto 33
	StmtBlock  goto 68
	Stmt  goto 166
	SimpleStmt  goto 70
	IfStmt  goto 71
	GuardStmt  goto 72
	WhileStmt  goto 73
	ForStmt  goto 74
	ReturnStmt  goto 75
	PrintStmt  goto 76
	BreakStmt  goto 77
	LValue  goto 78
	Expr  goto 79
	Call  goto 80
	Receiver  goto 81
	Constant  goto 82


state 133
	GuardStmt : IF GuardClauses FI .  (89)

	.  reduce 89


state 134
	GuardClauses : GuardClauses GUARD_SEPERATOR . Expr ':' Stmt  (91)
	Receiver : .  (41)

	NULL  shift 46
	THIS  shift 47
	NEW  shift 53
	READ_INTEGER  shift 56
	READ_LINE  shift 57
	LITERAL  shift 58
	INSTANCEOF  shift 59
	NUMINSTANCES  shift 60
	INC  shift 61
	DEC  shift 62
	'-'  shift 63
	'!'  shift 64
	'('  shift 65
	IDENTIFIER  reduce 41

	LValue  goto 86
	Expr  goto 167
	Call  goto 88
	Receiver  goto 81
	Constant  goto 82


state 135
	Expr : NEW IDENTIFIER '(' . ')'  (72)

	')'  shift 168
	.  error


state 136
	Type : Type '[' . ']'  (11)
	Expr : NEW Type '[' . Expr ']'  (73)
	Receiver : .  (41)

	NULL  shift 46
	THIS  shift 47
	NEW  shift 53
	READ_INTEGER  shift 56
	READ_LINE  shift 57
	LITERAL  shift 58
	INSTANCEOF  shift 59
	NUMINSTANCES  shift 60
	INC  shift 61
	DEC  shift 62
	'-'  shift 63
	'!'  shift 64
	'('  shift 65
	']'  shift 30
	IDENTIFIER  reduce 41

	LValue  goto 86
	Expr  goto 169
	Call  goto 88
	Receiver  goto 81
	Constant  goto 82


state 137
	GuardStmt : DO GuardClauses OD .  (90)

	.  reduce 90


state 138
	Receiver : Expr . '.'  (40)
	LValue : Expr . '[' Expr ']'  (43)
	Expr : Expr . '?' Expr ':' Expr  (48)
	Expr : Expr . '+' Expr  (49)
	Expr : Expr . '-' Expr  (50)
	Expr : Expr . '*' Expr  (51)
	Expr : Expr . '/' Expr  (52)
	Expr : Expr . '%' Expr  (53)
	Expr : Expr . EQUAL Expr  (54)
	Expr : Expr . NOT_EQUAL Expr  (55)
	Expr : Expr . '<' Expr  (56)
	Expr : Expr . '>' Expr  (57)
	Expr : Expr . LESS_EQUAL Expr  (58)
	Expr : Expr . GREATER_EQUAL Expr  (59)
	Expr : Expr . AND Expr  (60)
	Expr : Expr . OR Expr  (61)
	Expr : Expr . INC  (65)
	Expr : Expr . DEC  (66)
	ExprList : Expr .  (82)

	AND  shift 110
	OR  shift 111
	INC  shift 112
	DEC  shift 113
	LESS_EQUAL  shift 114
	GREATER_EQUAL  shift 115
	EQUAL  shift 116
	NOT_EQUAL  shift 117
	'+'  shift 118
	'-'  shift 119
	'*'  shift 120
	'/'  shift 121
	'%'  shift 122
	'>'  shift 123
	'<'  shift 124
	'.'  shift 125
	'['  shift 126
	'?'  shift 127
	','  reduce 82
	')'  reduce 82


state 139
	ExprList : ExprList . ',' Expr  (81)
	PrintStmt : PRINT '(' ExprList . ')'  (95)

	','  shift 170
	')'  shift 171
	.  error


state 140
	Expr : READ_INTEGER '(' ')' .  (69)

	.  reduce 69


state 141
	Expr : READ_LINE '(' ')' .  (70)

	.  reduce 70


state 142
	Receiver : Expr . '.'  (40)
	LValue : Expr . '[' Expr ']'  (43)
	Expr : Expr . '?' Expr ':' Expr  (48)
	Expr : Expr . '+' Expr  (49)
	Expr : Expr . '-' Expr  (50)
	Expr : Expr . '*' Expr  (51)
	Expr : Expr . '/' Expr  (52)
	Expr : Expr . '%' Expr  (53)
	Expr : Expr . EQUAL Expr  (54)
	Expr : Expr . NOT_EQUAL Expr  (55)
	Expr : Expr . '<' Expr  (56)
	Expr : Expr . '>' Expr  (57)
	Expr : Expr . LESS_EQUAL Expr  (58)
	Expr : Expr . GREATER_EQUAL Expr  (59)
	Expr : Expr . AND Expr  (60)
	Expr : Expr . OR Expr  (61)
	Expr : Expr . INC  (65)
	Expr : Expr . DEC  (66)
	Expr : INSTANCEOF '(' Expr . ',' IDENTIFIER ')'  (74)

	AND  shift 110
	OR  shift 111
	INC  shift 112
	DEC  shift 113
	LESS_EQUAL  shift 114
	GREATER_EQUAL  shift 115
	EQUAL  shift 116
	NOT_EQUAL  shift 117
	'+'  shift 118
	'-'  shift 119
	'*'  shift 120
	'/'  shift 121
	'%'  shift 122
	'>'  shift 123
	'<'  shift 124
	'.'  shift 125
	','  shift 172
	'['  shift 126
	'?'  shift 127
	.  error


state 143
	Expr : NUMINSTANCES '(' IDENTIFIER . ')'  (75)

	')'  shift 173
	.  error


state 144
	Expr : '(' CLASS IDENTIFIER . ')' Expr  (76)

	')'  shift 174
	.  error


state 145
	Expr : '(' Expr ')' .  (62)

	.  reduce 62


state 146
	SimpleStmt : LValue '=' Expr .  (37)
	Receiver : Expr . '.'  (40)
	LValue : Expr . '[' Expr ']'  (43)
	Expr : Expr . '?' Expr ':' Expr  (48)
	Expr : Expr . '+' Expr  (49)
	Expr : Expr . '-' Expr  (50)
	Expr : Expr . '*' Expr  (51)
	Expr : Expr . '/' Expr  (52)
	Expr : Expr . '%' Expr  (53)
	Expr : Expr . EQUAL Expr  (54)
	Expr : Expr . NOT_EQUAL Expr  (55)
	Expr : Expr . '<' Expr  (56)
	Expr : Expr . '>' Expr  (57)
	Expr : Expr . LESS_EQUAL Expr  (58)
	Expr : Expr . GREATER_EQUAL Expr  (59)
	Expr : Expr . AND Expr  (60)
	Expr : Expr . OR Expr  (61)
	Expr : Expr . INC  (65)
	Expr : Expr . DEC  (66)

	AND  shift 110
	OR  shift 111
	INC  shift 112
	DEC  shift 113
	LESS_EQUAL  shift 114
	GREATER_EQUAL  shift 115
	EQUAL  shift 116
	NOT_EQUAL  shift 117
	'+'  shift 118
	'-'  shift 119
	'*'  shift 120
	'/'  shift 121
	'%'  shift 122
	'>'  shift 123
	'<'  shift 124
	'.'  shift 125
	'['  shift 126
	'?'  shift 127
	';'  reduce 37
	')'  reduce 37


state 147
	Receiver : Expr . '.'  (40)
	LValue : Expr . '[' Expr ']'  (43)
	Expr : Expr . '?' Expr ':' Expr  (48)
	Expr : Expr . '+' Expr  (49)
	Expr : Expr . '-' Expr  (50)
	Expr : Expr . '*' Expr  (51)
	Expr : Expr . '/' Expr  (52)
	Expr : Expr . '%' Expr  (53)
	Expr : Expr . EQUAL Expr  (54)
	Expr : Expr . NOT_EQUAL Expr  (55)
	Expr : Expr . '<' Expr  (56)
	Expr : Expr . '>' Expr  (57)
	Expr : Expr . LESS_EQUAL Expr  (58)
	Expr : Expr . GREATER_EQUAL Expr  (59)
	Expr : Expr . AND Expr  (60)
	Expr : Expr AND Expr .  (60)
	Expr : Expr . OR Expr  (61)
	Expr : Expr . INC  (65)
	Expr : Expr . DEC  (66)

	INC  shift 112
	DEC  shift 113
	LESS_EQUAL  shift 114
	GREATER_EQUAL  shift 115
	EQUAL  shift 116
	NOT_EQUAL  shift 117
	'+'  shift 118
	'-'  shift 119
	'*'  shift 120
	'/'  shift 121
	'%'  shift 122
	'>'  shift 123
	'<'  shift 124
	'.'  shift 125
	'['  shift 126
	AND  reduce 60
	OR  reduce 60
	','  reduce 60
	';'  reduce 60
	')'  reduce 60
	']'  reduce 60
	':'  reduce 60
	'?'  reduce 60


state 148
	Receiver : Expr . '.'  (40)
	LValue : Expr . '[' Expr ']'  (43)
	Expr : Expr . '?' Expr ':' Expr  (48)
	Expr : Expr . '+' Expr  (49)
	Expr : Expr . '-' Expr  (50)
	Expr : Expr . '*' Expr  (51)
	Expr : Expr . '/' Expr  (52)
	Expr : Expr . '%' Expr  (53)
	Expr : Expr . EQUAL Expr  (54)
	Expr : Expr . NOT_EQUAL Expr  (55)
	Expr : Expr . '<' Expr  (56)
	Expr : Expr . '>' Expr  (57)
	Expr : Expr . LESS_EQUAL Expr  (58)
	Expr : Expr . GREATER_EQUAL Expr  (59)
	Expr : Expr . AND Expr  (60)
	Expr : Expr . OR Expr  (61)
	Expr : Expr OR Expr .  (61)
	Expr : Expr . INC  (65)
	Expr : Expr . DEC  (66)

	AND  shift 110
	INC  shift 112
	DEC  shift 113
	LESS_EQUAL  shift 114
	GREATER_EQUAL  shift 115
	EQUAL  shift 116
	NOT_EQUAL  shift 117
	'+'  shift 118
	'-'  shift 119
	'*'  shift 120
	'/'  shift 121
	'%'  shift 122
	'>'  shift 123
	'<'  shift 124
	'.'  shift 125
	'['  shift 126
	OR  reduce 61
	','  reduce 61
	';'  reduce 61
	')'  reduce 61
	']'  reduce 61
	':'  reduce 61
	'?'  reduce 61


state 149
	Receiver : Expr . '.'  (40)
	LValue : Expr . '[' Expr ']'  (43)
	Expr : Expr . '?' Expr ':' Expr  (48)
	Expr : Expr . '+' Expr  (49)
	Expr : Expr . '-' Expr  (50)
	Expr : Expr . '*' Expr  (51)
	Expr : Expr . '/' Expr  (52)
	Expr : Expr . '%' Expr  (53)
	Expr : Expr . EQUAL Expr  (54)
	Expr : Expr . NOT_EQUAL Expr  (55)
	Expr : Expr . '<' Expr  (56)
	Expr : Expr . '>' Expr  (57)
	Expr : Expr . LESS_EQUAL Expr  (58)
	Expr : Expr LESS_EQUAL Expr .  (58)
	Expr : Expr . GREATER_EQUAL Expr  (59)
	Expr : Expr . AND Expr  (60)
	Expr : Expr . OR Expr  (61)
	Expr : Expr . INC  (65)
	Expr : Expr . DEC  (66)

	INC  shift 112
	DEC  shift 113
	'+'  shift 118
	'-'  shift 119
	'*'  shift 120
	'/'  shift 121
	'%'  shift 122
	'.'  shift 125
	'['  shift 126
	AND  reduce 58
	OR  reduce 58
	EQUAL  reduce 58
	NOT_EQUAL  reduce 58
	','  reduce 58
	';'  reduce 58
	')'  reduce 58
	']'  reduce 58
	':'  reduce 58
	'?'  reduce 58


state 150
	Receiver : Expr . '.'  (40)
	LValue : Expr . '[' Expr ']'  (43)
	Expr : Expr . '?' Expr ':' Expr  (48)
	Expr : Expr . '+' Expr  (49)
	Expr : Expr . '-' Expr  (50)
	Expr : Expr . '*' Expr  (51)
	Expr : Expr . '/' Expr  (52)
	Expr : Expr . '%' Expr  (53)
	Expr : Expr . EQUAL Expr  (54)
	Expr : Expr . NOT_EQUAL Expr  (55)
	Expr : Expr . '<' Expr  (56)
	Expr : Expr . '>' Expr  (57)
	Expr : Expr . LESS_EQUAL Expr  (58)
	Expr : Expr . GREATER_EQUAL Expr  (59)
	Expr : Expr GREATER_EQUAL Expr .  (59)
	Expr : Expr . AND Expr  (60)
	Expr : Expr . OR Expr  (61)
	Expr : Expr . INC  (65)
	Expr : Expr . DEC  (66)

	INC  shift 112
	DEC  shift 113
	'+'  shift 118
	'-'  shift 119
	'*'  shift 120
	'/'  shift 121
	'%'  shift 122
	'.'  shift 125
	'['  shift 126
	AND  reduce 59
	OR  reduce 59
	EQUAL  reduce 59
	NOT_EQUAL  reduce 59
	','  reduce 59
	';'  reduce 59
	')'  reduce 59
	']'  reduce 59
	':'  reduce 59
	'?'  reduce 59


state 151
	Receiver : Expr . '.'  (40)
	LValue : Expr . '[' Expr ']'  (43)
	Expr : Expr . '?' Expr ':' Expr  (48)
	Expr : Expr . '+' Expr  (49)
	Expr : Expr . '-' Expr  (50)
	Expr : Expr . '*' Expr  (51)
	Expr : Expr . '/' Expr  (52)
	Expr : Expr . '%' Expr  (53)
	Expr : Expr . EQUAL Expr  (54)
	Expr : Expr EQUAL Expr .  (54)
	Expr : Expr . NOT_EQUAL Expr  (55)
	Expr : Expr . '<' Expr  (56)
	Expr : Expr . '>' Expr  (57)
	Expr : Expr . LESS_EQUAL Expr  (58)
	Expr : Expr . GREATER_EQUAL Expr  (59)
	Expr : Expr . AND Expr  (60)
	Expr : Expr . OR Expr  (61)
	Expr : Expr . INC  (65)
	Expr : Expr . DEC  (66)

	INC  shift 112
	DEC  shift 113
	LESS_EQUAL  shift 114
	GREATER_EQUAL  shift 115
	'+'  shift 118
	'-'  shift 119
	'*'  shift 120
	'/'  shift 121
	'%'  shift 122
	'>'  shift 123
	'<'  shift 124
	'.'  shift 125
	'['  shift 126
	AND  reduce 54
	OR  reduce 54
	','  reduce 54
	';'  reduce 54
	')'  reduce 54
	']'  reduce 54
	':'  reduce 54
	'?'  reduce 54


state 152
	Receiver : Expr . '.'  (40)
	LValue : Expr . '[' Expr ']'  (43)
	Expr : Expr . '?' Expr ':' Expr  (48)
	Expr : Expr . '+' Expr  (49)
	Expr : Expr . '-' Expr  (50)
	Expr : Expr . '*' Expr  (51)
	Expr : Expr . '/' Expr  (52)
	Expr : Expr . '%' Expr  (53)
	Expr : Expr . EQUAL Expr  (54)
	Expr : Expr . NOT_EQUAL Expr  (55)
	Expr : Expr NOT_EQUAL Expr .  (55)
	Expr : Expr . '<' Expr  (56)
	Expr : Expr . '>' Expr  (57)
	Expr : Expr . LESS_EQUAL Expr  (58)
	Expr : Expr . GREATER_EQUAL Expr  (59)
	Expr : Expr . AND Expr  (60)
	Expr : Expr . OR Expr  (61)
	Expr : Expr . INC  (65)
	Expr : Expr . DEC  (66)

	INC  shift 112
	DEC  shift 113
	LESS_EQUAL  shift 114
	GREATER_EQUAL  shift 115
	'+'  shift 118
	'-'  shift 119
	'*'  shift 120
	'/'  shift 121
	'%'  shift 122
	'>'  shift 123
	'<'  shift 124
	'.'  shift 125
	'['  shift 126
	AND  reduce 55
	OR  reduce 55
	','  reduce 55
	';'  reduce 55
	')'  reduce 55
	']'  reduce 55
	':'  reduce 55
	'?'  reduce 55


state 153
	Receiver : Expr . '.'  (40)
	LValue : Expr . '[' Expr ']'  (43)
	Expr : Expr . '?' Expr ':' Expr  (48)
	Expr : Expr . '+' Expr  (49)
	Expr : Expr '+' Expr .  (49)
	Expr : Expr . '-' Expr  (50)
	Expr : Expr . '*' Expr  (51)
	Expr : Expr . '/' Expr  (52)
	Expr : Expr . '%' Expr  (53)
	Expr : Expr . EQUAL Expr  (54)
	Expr : Expr . NOT_EQUAL Expr  (55)
	Expr : Expr . '<' Expr  (56)
	Expr : Expr . '>' Expr  (57)
	Expr : Expr . LESS_EQUAL Expr  (58)
	Expr : Expr . GREATER_EQUAL Expr  (59)
	Expr : Expr . AND Expr  (60)
	Expr : Expr . OR Expr  (61)
	Expr : Expr . INC  (65)
	Expr : Expr . DEC  (66)

	INC  shift 112
	DEC  shift 113
	'*'  shift 120
	'/'  shift 121
	'%'  shift 122
	'.'  shift 125
	'['  shift 126
	AND  reduce 49
	OR  reduce 49
	LESS_EQUAL  reduce 49
	GREATER_EQUAL  reduce 49
	EQUAL  reduce 49
	NOT_EQUAL  reduce 49
	'+'  reduce 49
	'-'  reduce 49
	'>'  reduce 49
	'<'  reduce 49
	','  reduce 49
	';'  reduce 49
	')'  reduce 49
	']'  reduce 49
	':'  reduce 49
	'?'  reduce 49


state 154
	Receiver : Expr . '.'  (40)
	LValue : Expr . '[' Expr ']'  (43)
	Expr : Expr . '?' Expr ':' Expr  (48)
	Expr : Expr . '+' Expr  (49)
	Expr : Expr . '-' Expr  (50)
	Expr : Expr '-' Expr .  (50)
	Expr : Expr . '*' Expr  (51)
	Expr : Expr . '/' Expr  (52)
	Expr : Expr . '%' Expr  (53)
	Expr : Expr . EQUAL Expr  (54)
	Expr : Expr . NOT_EQUAL Expr  (55)
	Expr : Expr . '<' Expr  (56)
	Expr : Expr . '>' Expr  (57)
	Expr : Expr . LESS_EQUAL Expr  (58)
	Expr : Expr . GREATER_EQUAL Expr  (59)
	Expr : Expr . AND Expr  (60)
	Expr : Expr . OR Expr  (61)
	Expr : Expr . INC  (65)
	Expr : Expr . DEC  (66)

	INC  shift 112
	DEC  shift 113
	'*'  shift 120
	'/'  shift 121
	'%'  shift 122
	'.'  shift 125
	'['  shift 126
	AND  reduce 50
	OR  reduce 50
	LESS_EQUAL  reduce 50
	GREATER_EQUAL  reduce 50
	EQUAL  reduce 50
	NOT_EQUAL  reduce 50
	'+'  reduce 50
	'-'  reduce 50
	'>'  reduce 50
	'<'  reduce 50
	','  reduce 50
	';'  reduce 50
	')'  reduce 50
	']'  reduce 50
	':'  reduce 50
	'?'  reduce 50


state 155
	Receiver : Expr . '.'  (40)
	LValue : Expr . '[' Expr ']'  (43)
	Expr : Expr . '?' Expr ':' Expr  (48)
	Expr : Expr . '+' Expr  (49)
	Expr : Expr . '-' Expr  (50)
	Expr : Expr . '*' Expr  (51)
	Expr : Expr '*' Expr .  (51)
	Expr : Expr . '/' Expr  (52)
	Expr : Expr . '%' Expr  (53)
	Expr : Expr . EQUAL Expr  (54)
	Expr : Expr . NOT_EQUAL Expr  (55)
	Expr : Expr . '<' Expr  (56)
	Expr : Expr . '>' Expr  (57)
	Expr : Expr . LESS_EQUAL Expr  (58)
	Expr : Expr . GREATER_EQUAL Expr  (59)
	Expr : Expr . AND Expr  (60)
	Expr : Expr . OR Expr  (61)
	Expr : Expr . INC  (65)
	Expr : Expr . DEC  (66)

	INC  shift 112
	DEC  shift 113
	'.'  shift 125
	'['  shift 126
	AND  reduce 51
	OR  reduce 51
	LESS_EQUAL  reduce 51
	GREATER_EQUAL  reduce 51
	EQUAL  reduce 51
	NOT_EQUAL  reduce 51
	'+'  reduce 51
	'-'  reduce 51
	'*'  reduce 51
	'/'  reduce 51
	'%'  reduce 51
	'>'  reduce 51
	'<'  reduce 51
	','  reduce 51
	';'  reduce 51
	')'  reduce 51
	']'  reduce 51
	':'  reduce 51
	'?'  reduce 51


state 156
	Receiver : Expr . '.'  (40)
	LValue : Expr . '[' Expr ']'  (43)
	Expr : Expr . '?' Expr ':' Expr  (48)
	Expr : Expr . '+' Expr  (49)
	Expr : Expr . '-' Expr  (50)
	Expr : Expr . '*' Expr  (51)
	Expr : Expr . '/' Expr  (52)
	Expr : Expr '/' Expr .  (52)
	Expr : Expr . '%' Expr  (53)
	Expr : Expr . EQUAL Expr  (54)
	Expr : Expr . NOT_EQUAL Expr  (55)
	Expr : Expr . '<' Expr  (56)
	Expr : Expr . '>' Expr  (57)
	Expr : Expr . LESS_EQUAL Expr  (58)
	Expr : Expr . GREATER_EQUAL Expr  (59)
	Expr : Expr . AND Expr  (60)
	Expr : Expr . OR Expr  (61)
	Expr : Expr . INC  (65)
	Expr : Expr . DEC  (66)

	INC  shift 112
	DEC  shift 113
	'.'  shift 125
	'['  shift 126
	AND  reduce 52
	OR  reduce 52
	LESS_EQUAL  reduce 52
	GREATER_EQUAL  reduce 52
	EQUAL  reduce 52
	NOT_EQUAL  reduce 52
	'+'  reduce 52
	'-'  reduce 52
	'*'  reduce 52
	'/'  reduce 52
	'%'  reduce 52
	'>'  reduce 52
	'<'  reduce 52
	','  reduce 52
	';'  reduce 52
	')'  reduce 52
	']'  reduce 52
	':'  reduce 52
	'?'  reduce 52


state 157
	Receiver : Expr . '.'  (40)
	LValue : Expr . '[' Expr ']'  (43)
	Expr : Expr . '?' Expr ':' Expr  (48)
	Expr : Expr . '+' Expr  (49)
	Expr : Expr . '-' Expr  (50)
	Expr : Expr . '*' Expr  (51)
	Expr : Expr . '/' Expr  (52)
	Expr : Expr . '%' Expr  (53)
	Expr : Expr '%' Expr .  (53)
	Expr : Expr . EQUAL Expr  (54)
	Expr : Expr . NOT_EQUAL Expr  (55)
	Expr : Expr . '<' Expr  (56)
	Expr : Expr . '>' Expr  (57)
	Expr : Expr . LESS_EQUAL Expr  (58)
	Expr : Expr . GREATER_EQUAL Expr  (59)
	Expr : Expr . AND Expr  (60)
	Expr : Expr . OR Expr  (61)
	Expr : Expr . INC  (65)
	Expr : Expr . DEC  (66)

	INC  shift 112
	DEC  shift 113
	'.'  shift 125
	'['  shift 126
	AND  reduce 53
	OR  reduce 53
	LESS_EQUAL  reduce 53
	GREATER_EQUAL  reduce 53
	EQUAL  reduce 53
	NOT_EQUAL  reduce 53
	'+'  reduce 53
	'-'  reduce 53
	'*'  reduce 53
	'/'  reduce 53
	'%'  reduce 53
	'>'  reduce 53
	'<'  reduce 53
	','  reduce 53
	';'  reduce 53
	')'  reduce 53
	']'  reduce 53
	':'  reduce 53
	'?'  reduce 53


state 158
	Receiver : Expr . '.'  (40)
	LValue : Expr . '[' Expr ']'  (43)
	Expr : Expr . '?' Expr ':' Expr  (48)
	Expr : Expr . '+' Expr  (49)
	Expr : Expr . '-' Expr  (50)
	Expr : Expr . '*' Expr  (51)
	Expr : Expr . '/' Expr  (52)
	Expr : Expr . '%' Expr  (53)
	Expr : Expr . EQUAL Expr  (54)
	Expr : Expr . NOT_EQUAL Expr  (55)
	Expr : Expr . '<' Expr  (56)
	Expr : Expr . '>' Expr  (57)
	Expr : Expr '>' Expr .  (57)
	Expr : Expr . LESS_EQUAL Expr  (58)
	Expr : Expr . GREATER_EQUAL Expr  (59)
	Expr : Expr . AND Expr  (60)
	Expr : Expr . OR Expr  (61)
	Expr : Expr . INC  (65)
	Expr : Expr . DEC  (66)

	INC  shift 112
	DEC  shift 113
	'+'  shift 118
	'-'  shift 119
	'*'  shift 120
	'/'  shift 121
	'%'  shift 122
	'.'  shift 125
	'['  shift 126
	AND  reduce 57
	OR  reduce 57
	EQUAL  reduce 57
	NOT_EQUAL  reduce 57
	','  reduce 57
	';'  reduce 57
	')'  reduce 57
	']'  reduce 57
	':'  reduce 57
	'?'  reduce 57


state 159
	Receiver : Expr . '.'  (40)
	LValue : Expr . '[' Expr ']'  (43)
	Expr : Expr . '?' Expr ':' Expr  (48)
	Expr : Expr . '+' Expr  (49)
	Expr : Expr . '-' Expr  (50)
	Expr : Expr . '*' Expr  (51)
	Expr : Expr . '/' Expr  (52)
	Expr : Expr . '%' Expr  (53)
	Expr : Expr . EQUAL Expr  (54)
	Expr : Expr . NOT_EQUAL Expr  (55)
	Expr : Expr . '<' Expr  (56)
	Expr : Expr '<' Expr .  (56)
	Expr : Expr . '>' Expr  (57)
	Expr : Expr . LESS_EQUAL Expr  (58)
	Expr : Expr . GREATER_EQUAL Expr  (59)
	Expr : Expr . AND Expr  (60)
	Expr : Expr . OR Expr  (61)
	Expr : Expr . INC  (65)
	Expr : Expr . DEC  (66)

	INC  shift 112
	DEC  shift 113
	'+'  shift 118
	'-'  shift 119
	'*'  shift 120
	'/'  shift 121
	'%'  shift 122
	'.'  shift 125
	'['  shift 126
	AND  reduce 56
	OR  reduce 56
	EQUAL  reduce 56
	NOT_EQUAL  reduce 56
	','  reduce 56
	';'  reduce 56
	')'  reduce 56
	']'  reduce 56
	':'  reduce 56
	'?'  reduce 56


state 160
	Receiver : Expr . '.'  (40)
	LValue : Expr . '[' Expr ']'  (43)
	LValue : Expr '[' Expr . ']'  (43)
	Expr : Expr . '?' Expr ':' Expr  (48)
	Expr : Expr . '+' Expr  (49)
	Expr : Expr . '-' Expr  (50)
	Expr : Expr . '*' Expr  (51)
	Expr : Expr . '/' Expr  (52)
	Expr : Expr . '%' Expr  (53)
	Expr : Expr . EQUAL Expr  (54)
	Expr : Expr . NOT_EQUAL Expr  (55)
	Expr : Expr . '<' Expr  (56)
	Expr : Expr . '>' Expr  (57)
	Expr : Expr . LESS_EQUAL Expr  (58)
	Expr : Expr . GREATER_EQUAL Expr  (59)
	Expr : Expr . AND Expr  (60)
	Expr : Expr . OR Expr  (61)
	Expr : Expr . INC  (65)
	Expr : Expr . DEC  (66)

	AND  shift 110
	OR  shift 111
	INC  shift 112
	DEC  shift 113
	LESS_EQUAL  shift 114
	GREATER_EQUAL  shift 115
	EQUAL  shift 116
	NOT_EQUAL  shift 117
	'+'  shift 118
	'-'  shift 119
	'*'  shift 120
	'/'  shift 121
	'%'  shift 122
	'>'  shift 123
	'<'  shift 124
	'.'  shift 125
	'['  shift 126
	']'  shift 175
	'?'  shift 127
	.  error


state 161
	Receiver : Expr . '.'  (40)
	LValue : Expr . '[' Expr ']'  (43)
	Expr : Expr . '?' Expr ':' Expr  (48)
	Expr : Expr '?' Expr . ':' Expr  (48)
	Expr : Expr . '+' Expr  (49)
	Expr : Expr . '-' Expr  (50)
	Expr : Expr . '*' Expr  (51)
	Expr : Expr . '/' Expr  (52)
	Expr : Expr . '%' Expr  (53)
	Expr : Expr . EQUAL Expr  (54)
	Expr : Expr . NOT_EQUAL Expr  (55)
	Expr : Expr . '<' Expr  (56)
	Expr : Expr . '>' Expr  (57)
	Expr : Expr . LESS_EQUAL Expr  (58)
	Expr : Expr . GREATER_EQUAL Expr  (59)
	Expr : Expr . AND Expr  (60)
	Expr : Expr . OR Expr  (61)
	Expr : Expr . INC  (65)
	Expr : Expr . DEC  (66)

	AND  shift 110
	OR  shift 111
	INC  shift 112
	DEC  shift 113
	LESS_EQUAL  shift 114
	GREATER_EQUAL  shift 115
	EQUAL  shift 116
	NOT_EQUAL  shift 117
	'+'  shift 118
	'-'  shift 119
	'*'  shift 120
	'/'  shift 121
	'%'  shift 122
	'>'  shift 123
	'<'  shift 124
	'.'  shift 125
	'['  shift 126
	':'  shift 176
	'?'  shift 127
	.  error


state 162
	Call : Receiver IDENTIFIER '(' . Actuals ')'  (44)
	Receiver : .  (41)
	Actuals : .  (80)

	NULL  shift 46
	THIS  shift 47
	NEW  shift 53
	READ_INTEGER  shift 56
	READ_LINE  shift 57
	LITERAL  shift 58
	INSTANCEOF  shift 59
	NUMINSTANCES  shift 60
	INC  shift 61
	DEC  shift 62
	'-'  shift 63
	'!'  shift 64
	'('  shift 65
	IDENTIFIER  reduce 41
	')'  reduce 80

	LValue  goto 86
	Expr  goto 138
	Call  goto 88
	Receiver  goto 81
	Actuals  goto 177
	Constant  goto 82
	ExprList  goto 178


state 163
	WhileStmt : WHILE '(' Expr ')' . Stmt  (83)
	SimpleStmt : .  (39)
	Receiver : .  (41)

	VOID  shift 12
	BOOL  shift 13
	INT  shift 14
	STRING  shift 15
	CLASS  shift 16
	NULL  shift 46
	THIS  shift 47
	WHILE  shift 48
	FOR  shift 49
	IF  shift 50
	RETURN  shift 51
	BREAK  shift 52
	NEW  shift 53
	DO  shift 54
	PRINT  shift 55
	READ_INTEGER  shift 56
	READ_LINE  shift 57
	LITERAL  shift 58
	INSTANCEOF  shift 59
	NUMINSTANCES  shift 60
	INC  shift 61
	DEC  shift 62
	'-'  shift 63
	'!'  shift 64
	'('  shift 65
	'{'  shift 41
	IDENTIFIER  reduce 41
	';'  reduce 39

	VariableDef  goto 67
	Variable  goto 20
	Type  goto 33
	StmtBlock  goto 68
	Stmt  goto 179
	SimpleStmt  goto 70
	IfStmt  goto 71
	GuardStmt  goto 72
	WhileStmt  goto 73
	ForStmt  goto 74
	ReturnStmt  goto 75
	PrintStmt  goto 76
	BreakStmt  goto 77
	LValue  goto 78
	Expr  goto 79
	Call  goto 80
	Receiver  goto 81
	Constant  goto 82


state 164
	ForStmt : FOR '(' SimpleStmt ';' . Expr ';' SimpleStmt ')' Stmt  (84)
	Receiver : .  (41)

	NULL  shift 46
	THIS  shift 47
	NEW  shift 53
	READ_INTEGER  shift 56
	READ_LINE  shift 57
	LITERAL  shift 58
	INSTANCEOF  shift 59
	NUMINSTANCES  shift 60
	INC  shift 61
	DEC  shift 62
	'-'  shift 63
	'!'  shift 64
	'('  shift 65
	IDENTIFIER  reduce 41

	LValue  goto 86
	Expr  goto 180
	Call  goto 88
	Receiver  goto 81
	Constant  goto 82


state 165
	Expr : '(' Expr ')' .  (62)
	IfStmt : IF '(' Expr ')' . Stmt ElseClause  (86)
	SimpleStmt : .  (39)
	Receiver : .  (41)

	VOID  shift 12
	BOOL  shift 13
	INT  shift 14
	STRING  shift 15
	CLASS  shift 16
	NULL  shift 46
	THIS  shift 47
	WHILE  shift 48
	FOR  shift 49
	IF  shift 50
	RETURN  shift 51
	BREAK  shift 52
	NEW  shift 53
	DO  shift 54
	PRINT  shift 55
	READ_INTEGER  shift 56
	READ_LINE  shift 57
	LITERAL  shift 58
	INSTANCEOF  shift 59
	NUMINSTANCES  shift 60
	'!'  shift 64
	'('  shift 65
	'{'  shift 41
	IDENTIFIER  reduce 41
	AND  reduce 62
	OR  reduce 62
	INC  reduce 62
	DEC  reduce 62
	LESS_EQUAL  reduce 62
	GREATER_EQUAL  reduce 62
	EQUAL  reduce 62
	NOT_EQUAL  reduce 62
	'+'  reduce 62
	'-'  reduce 62
	'*'  reduce 62
	'/'  reduce 62
	'%'  reduce 62
	'>'  reduce 62
	'<'  reduce 62
	'.'  reduce 62
	';'  reduce 39
	'['  reduce 62
	':'  reduce 62
	'?'  reduce 62

	VariableDef  goto 67
	Variable  goto 20
	Type  goto 33
	StmtBlock  goto 68
	Stmt  goto 181
	SimpleStmt  goto 70
	IfStmt  goto 71
	GuardStmt  goto 72
	WhileStmt  goto 73
	ForStmt  goto 74
	ReturnStmt  goto 75
	PrintStmt  goto 76
	BreakStmt  goto 77
	LValue  goto 78
	Expr  goto 79
	Call  goto 80
	Receiver  goto 81
	Constant  goto 82


state 166
	GuardClauses : Expr ':' Stmt .  (92)

	.  reduce 92


state 167
	Receiver : Expr . '.'  (40)
	LValue : Expr . '[' Expr ']'  (43)
	Expr : Expr . '?' Expr ':' Expr  (48)
	Expr : Expr . '+' Expr  (49)
	Expr : Expr . '-' Expr  (50)
	Expr : Expr . '*' Expr  (51)
	Expr : Expr . '/' Expr  (52)
	Expr : Expr . '%' Expr  (53)
	Expr : Expr . EQUAL Expr  (54)
	Expr : Expr . NOT_EQUAL Expr  (55)
	Expr : Expr . '<' Expr  (56)
	Expr : Expr . '>' Expr  (57)
	Expr : Expr . LESS_EQUAL Expr  (58)
	Expr : Expr . GREATER_EQUAL Expr  (59)
	Expr : Expr . AND Expr  (60)
	Expr : Expr . OR Expr  (61)
	Expr : Expr . INC  (65)
	Expr : Expr . DEC  (66)
	GuardClauses : GuardClauses GUARD_SEPERATOR Expr . ':' Stmt  (91)

	AND  shift 110
	OR  shift 111
	INC  shift 112
	DEC  shift 113
	LESS_EQUAL  shift 114
	GREATER_EQUAL  shift 115
	EQUAL  shift 116
	NOT_EQUAL  shift 117
	'+'  shift 118
	'-'  shift 119
	'*'  shift 120
	'/'  shift 121
	'%'  shift 122
	'>'  shift 123
	'<'  shift 124
	'.'  shift 125
	'['  shift 126
	':'  shift 182
	'?'  shift 127
	.  error


state 168
	Expr : NEW IDENTIFIER '(' ')' .  (72)

	.  reduce 72


state 169
	Receiver : Expr . '.'  (40)
	LValue : Expr . '[' Expr ']'  (43)
	Expr : Expr . '?' Expr ':' Expr  (48)
	Expr : Expr . '+' Expr  (49)
	Expr : Expr . '-' Expr  (50)
	Expr : Expr . '*' Expr  (51)
	Expr : Expr . '/' Expr  (52)
	Expr : Expr . '%' Expr  (53)
	Expr : Expr . EQUAL Expr  (54)
	Expr : Expr . NOT_EQUAL Expr  (55)
	Expr : Expr . '<' Expr  (56)
	Expr : Expr . '>' Expr  (57)
	Expr : Expr . LESS_EQUAL Expr  (58)
	Expr : Expr . GREATER_EQUAL Expr  (59)
	Expr : Expr . AND Expr  (60)
	Expr : Expr . OR Expr  (61)
	Expr : Expr . INC  (65)
	Expr : Expr . DEC  (66)
	Expr : NEW Type '[' Expr . ']'  (73)

	AND  shift 110
	OR  shift 111
	INC  shift 112
	DEC  shift 113
	LESS_EQUAL  shift 114
	GREATER_EQUAL  shift 115
	EQUAL  shift 116
	NOT_EQUAL  shift 117
	'+'  shift 118
	'-'  shift 119
	'*'  shift 120
	'/'  shift 121
	'%'  shift 122
	'>'  shift 123
	'<'  shift 124
	'.'  shift 125
	'['  shift 126
	']'  shift 183
	'?'  shift 127
	.  error


state 170
	ExprList : ExprList ',' . Expr  (81)
	Receiver : .  (41)

	NULL  shift 46
	THIS  shift 47
	NEW  shift 53
	READ_INTEGER  shift 56
	READ_LINE  shift 57
	LITERAL  shift 58
	INSTANCEOF  shift 59
	NUMINSTANCES  shift 60
	INC  shift 61
	DEC  shift 62
	'-'  shift 63
	'!'  shift 64
	'('  shift 65
	IDENTIFIER  reduce 41

	LValue  goto 86
	Expr  goto 184
	Call  goto 88
	Receiver  goto 81
	Constant  goto 82


state 171
	PrintStmt : PRINT '(' ExprList ')' .  (95)

	.  reduce 95


state 172
	Expr : INSTANCEOF '(' Expr ',' . IDENTIFIER ')'  (74)

	IDENTIFIER  shift 185
	.  error


state 173
	Expr : NUMINSTANCES '(' IDENTIFIER ')' .  (75)

	.  reduce 75


state 174
	Expr : '(' CLASS IDENTIFIER ')' . Expr  (76)
	Receiver : .  (41)

	NULL  shift 46
	THIS  shift 47
	NEW  shift 53
	READ_INTEGER  shift 56
	READ_LINE  shift 57
	LITERAL  shift 58
	INSTANCEOF  shift 59
	NUMINSTANCES  shift 60
	INC  shift 61
	DEC  shift 62
	'-'  shift 63
	'!'  shift 64
	'('  shift 65
	IDENTIFIER  reduce 41

	LValue  goto 86
	Expr  goto 186
	Call  goto 88
	Receiver  goto 81
	Constant  goto 82


state 175
	LValue : Expr '[' Expr ']' .  (43)

	.  reduce 43


state 176
	Expr : Expr '?' Expr ':' . Expr  (48)
	Receiver : .  (41)

	NULL  shift 46
	THIS  shift 47
	NEW  shift 53
	READ_INTEGER  shift 56
	READ_LINE  shift 57
	LITERAL  shift 58
	INSTANCEOF  shift 59
	NUMINSTANCES  shift 60
	INC  shift 61
	DEC  shift 62
	'-'  shift 63
	'!'  shift 64
	'('  shift 65
	IDENTIFIER  reduce 41

	LValue  goto 86
	Expr  goto 187
	Call  goto 88
	Receiver  goto 81
	Constant  goto 82


state 177
	Call : Receiver IDENTIFIER '(' Actuals . ')'  (44)

	')'  shift 188
	.  error


state 178
	Actuals : ExprList .  (79)
	ExprList : ExprList . ',' Expr  (81)

	','  shift 170
	')'  reduce 79


state 179
	WhileStmt : WHILE '(' Expr ')' Stmt .  (83)

	.  reduce 83


state 180
	Receiver : Expr . '.'  (40)
	LValue : Expr . '[' Expr ']'  (43)
	Expr : Expr . '?' Expr ':' Expr  (48)
	Expr : Expr . '+' Expr  (49)
	Expr : Expr . '-' Expr  (50)
	Expr : Expr . '*' Expr  (51)
	Expr : Expr . '/' Expr  (52)
	Expr : Expr . '%' Expr  (53)
	Expr : Expr . EQUAL Expr  (54)
	Expr : Expr . NOT_EQUAL Expr  (55)
	Expr : Expr . '<' Expr  (56)
	Expr : Expr . '>' Expr  (57)
	Expr : Expr . LESS_EQUAL Expr  (58)
	Expr : Expr . GREATER_EQUAL Expr  (59)
	Expr : Expr . AND Expr  (60)
	Expr : Expr . OR Expr  (61)
	Expr : Expr . INC  (65)
	Expr : Expr . DEC  (66)
	ForStmt : FOR '(' SimpleStmt ';' Expr . ';' SimpleStmt ')' Stmt  (84)

	AND  shift 110
	OR  shift 111
	INC  shift 112
	DEC  shift 113
	LESS_EQUAL  shift 114
	GREATER_EQUAL  shift 115
	EQUAL  shift 116
	NOT_EQUAL  shift 117
	'+'  shift 118
	'-'  shift 119
	'*'  shift 120
	'/'  shift 121
	'%'  shift 122
	'>'  shift 123
	'<'  shift 124
	'.'  shift 125
	';'  shift 189
	'['  shift 126
	'?'  shift 127
	.  error


state 181
	IfStmt : IF '(' Expr ')' Stmt . ElseClause  (86)
	ElseClause : .  (88)

	ELSE  shift 190
	VOID  reduce 88
	BOOL  reduce 88
	INT  reduce 88
	STRING  reduce 88
	CLASS  reduce 88
	NULL  reduce 88
	THIS  reduce 88
	WHILE  reduce 88
	FOR  reduce 88
	IF  reduce 88
	RETURN  reduce 88
	BREAK  reduce 88
	NEW  reduce 88
	FI  reduce 88
	DO  reduce 88
	OD  reduce 88
	PRINT  reduce 88
	READ_INTEGER  reduce 88
	READ_LINE  reduce 88
	LITERAL  reduce 88
	IDENTIFIER  reduce 88
	INSTANCEOF  reduce 88
	NUMINSTANCES  reduce 88
	GUARD_SEPERATOR  reduce 88
	INC  reduce 88
	DEC  reduce 88
	'-'  reduce 88
	';'  reduce 88
	'!'  reduce 88
	'('  reduce 88
	'{'  reduce 88
	'}'  reduce 88

	ElseClause  goto 191


state 182
	GuardClauses : GuardClauses GUARD_SEPERATOR Expr ':' . Stmt  (91)
	SimpleStmt : .  (39)
	Receiver : .  (41)

	VOID  shift 12
	BOOL  shift 13
	INT  shift 14
	STRING  shift 15
	CLASS  shift 16
	NULL  shift 46
	THIS  shift 47
	WHILE  shift 48
	FOR  shift 49
	IF  shift 50
	RETURN  shift 51
	BREAK  shift 52
	NEW  shift 53
	DO  shift 54
	PRINT  shift 55
	READ_INTEGER  shift 56
	READ_LINE  shift 57
	LITERAL  shift 58
	INSTANCEOF  shift 59
	NUMINSTANCES  shift 60
	INC  shift 61
	DEC  shift 62
	'-'  shift 63
	'!'  shift 64
	'('  shift 65
	'{'  shift 41
	IDENTIFIER  reduce 41
	';'  reduce 39

	VariableDef  goto 67
	Variable  goto 20
	Type  goto 33
	StmtBlock  goto 68
	Stmt  goto 192
	SimpleStmt  goto 70
	IfStmt  goto 71
	GuardStmt  goto 72
	WhileStmt  goto 73
	ForStmt  goto 74
	ReturnStmt  goto 75
	PrintStmt  goto 76
	BreakStmt  goto 77
	LValue  goto 78
	Expr  goto 79
	Call  goto 80
	Receiver  goto 81
	Constant  goto 82


state 183
	Expr : NEW Type '[' Expr ']' .  (73)

	.  reduce 73


state 184
	Receiver : Expr . '.'  (40)
	LValue : Expr . '[' Expr ']'  (43)
	Expr : Expr . '?' Expr ':' Expr  (48)
	Expr : Expr . '+' Expr  (49)
	Expr : Expr . '-' Expr  (50)
	Expr : Expr . '*' Expr  (51)
	Expr : Expr . '/' Expr  (52)
	Expr : Expr . '%' Expr  (53)
	Expr : Expr . EQUAL Expr  (54)
	Expr : Expr . NOT_EQUAL Expr  (55)
	Expr : Expr . '<' Expr  (56)
	Expr : Expr . '>' Expr  (57)
	Expr : Expr . LESS_EQUAL Expr  (58)
	Expr : Expr . GREATER_EQUAL Expr  (59)
	Expr : Expr . AND Expr  (60)
	Expr : Expr . OR Expr  (61)
	Expr : Expr . INC  (65)
	Expr : Expr . DEC  (66)
	ExprList : ExprList ',' Expr .  (81)

	AND  shift 110
	OR  shift 111
	INC  shift 112
	DEC  shift 113
	LESS_EQUAL  shift 114
	GREATER_EQUAL  shift 115
	EQUAL  shift 116
	NOT_EQUAL  shift 117
	'+'  shift 118
	'-'  shift 119
	'*'  shift 120
	'/'  shift 121
	'%'  shift 122
	'>'  shift 123
	'<'  shift 124
	'.'  shift 125
	'['  shift 126
	'?'  shift 127
	','  reduce 81
	')'  reduce 81


state 185
	Expr : INSTANCEOF '(' Expr ',' IDENTIFIER . ')'  (74)

	')'  shift 193
	.  error


state 186
	Receiver : Expr . '.'  (40)
	LValue : Expr . '[' Expr ']'  (43)
	Expr : Expr . '?' Expr ':' Expr  (48)
	Expr : Expr . '+' Expr  (49)
	Expr : Expr . '-' Expr  (50)
	Expr : Expr . '*' Expr  (51)
	Expr : Expr . '/' Expr  (52)
	Expr : Expr . '%' Expr  (53)
	Expr : Expr . EQUAL Expr  (54)
	Expr : Expr . NOT_EQUAL Expr  (55)
	Expr : Expr . '<' Expr  (56)
	Expr : Expr . '>' Expr  (57)
	Expr : Expr . LESS_EQUAL Expr  (58)
	Expr : Expr . GREATER_EQUAL Expr  (59)
	Expr : Expr . AND Expr  (60)
	Expr : Expr . OR Expr  (61)
	Expr : Expr . INC  (65)
	Expr : Expr . DEC  (66)
	Expr : '(' CLASS IDENTIFIER ')' Expr .  (76)

	.  reduce 76


state 187
	Receiver : Expr . '.'  (40)
	LValue : Expr . '[' Expr ']'  (43)
	Expr : Expr . '?' Expr ':' Expr  (48)
	Expr : Expr '?' Expr ':' Expr .  (48)
	Expr : Expr . '+' Expr  (49)
	Expr : Expr . '-' Expr  (50)
	Expr : Expr . '*' Expr  (51)
	Expr : Expr . '/' Expr  (52)
	Expr : Expr . '%' Expr  (53)
	Expr : Expr . EQUAL Expr  (54)
	Expr : Expr . NOT_EQUAL Expr  (55)
	Expr : Expr . '<' Expr  (56)
	Expr : Expr . '>' Expr  (57)
	Expr : Expr . LESS_EQUAL Expr  (58)
	Expr : Expr . GREATER_EQUAL Expr  (59)
	Expr : Expr . AND Expr  (60)
	Expr : Expr . OR Expr  (61)
	Expr : Expr . INC  (65)
	Expr : Expr . DEC  (66)

	AND  shift 110
	OR  shift 111
	INC  shift 112
	DEC  shift 113
	LESS_EQUAL  shift 114
	GREATER_EQUAL  shift 115
	EQUAL  shift 116
	NOT_EQUAL  shift 117
	'+'  shift 118
	'-'  shift 119
	'*'  shift 120
	'/'  shift 121
	'%'  shift 122
	'>'  shift 123
	'<'  shift 124
	'.'  shift 125
	'['  shift 126
	','  reduce 48
	';'  reduce 48
	')'  reduce 48
	']'  reduce 48
	':'  reduce 48


state 188
	Call : Receiver IDENTIFIER '(' Actuals ')' .  (44)

	.  reduce 44


state 189
	ForStmt : FOR '(' SimpleStmt ';' Expr ';' . SimpleStmt ')' Stmt  (84)
	SimpleStmt : .  (39)
	Receiver : .  (41)

	NULL  shift 46
	THIS  shift 47
	NEW  shift 53
	READ_INTEGER  shift 56
	READ_LINE  shift 57
	LITERAL  shift 58
	INSTANCEOF  shift 59
	NUMINSTANCES  shift 60
	INC  shift 61
	DEC  shift 62
	'-'  shift 63
	'!'  shift 64
	'('  shift 65
	IDENTIFIER  reduce 41
	')'  reduce 39

	SimpleStmt  goto 194
	LValue  goto 78
	Expr  goto 79
	Call  goto 80
	Receiver  goto 81
	Constant  goto 82


state 190
	ElseClause : ELSE . Stmt  (87)
	SimpleStmt : .  (39)
	Receiver : .  (41)

	VOID  shift 12
	BOOL  shift 13
	INT  shift 14
	STRING  shift 15
	CLASS  shift 16
	NULL  shift 46
	THIS  shift 47
	WHILE  shift 48
	FOR  shift 49
	IF  shift 50
	RETURN  shift 51
	BREAK  shift 52
	NEW  shift 53
	DO  shift 54
	PRINT  shift 55
	READ_INTEGER  shift 56
	READ_LINE  shift 57
	LITERAL  shift 58
	INSTANCEOF  shift 59
	NUMINSTANCES  shift 60
	INC  shift 61
	DEC  shift 62
	'-'  shift 63
	'!'  shift 64
	'('  shift 65
	'{'  shift 41
	IDENTIFIER  reduce 41
	';'  reduce 39

	VariableDef  goto 67
	Variable  goto 20
	Type  goto 33
	StmtBlock  goto 68
	Stmt  goto 195
	SimpleStmt  goto 70
	IfStmt  goto 71
	GuardStmt  goto 72
	WhileStmt  goto 73
	ForStmt  goto 74
	ReturnStmt  goto 75
	PrintStmt  goto 76
	BreakStmt  goto 77
	LValue  goto 78
	Expr  goto 79
	Call  goto 80
	Receiver  goto 81
	Constant  goto 82


state 191
	IfStmt : IF '(' Expr ')' Stmt ElseClause .  (86)

	.  reduce 86


state 192
	GuardClauses : GuardClauses GUARD_SEPERATOR Expr ':' Stmt .  (91)

	.  reduce 91


state 193
	Expr : INSTANCEOF '(' Expr ',' IDENTIFIER ')' .  (74)

	.  reduce 74


state 194
	ForStmt : FOR '(' SimpleStmt ';' Expr ';' SimpleStmt . ')' Stmt  (84)

	')'  shift 196
	.  error


state 195
	ElseClause : ELSE Stmt .  (87)

	.  reduce 87


state 196
	ForStmt : FOR '(' SimpleStmt ';' Expr ';' SimpleStmt ')' . Stmt  (84)
	SimpleStmt : .  (39)
	Receiver : .  (41)

	VOID  shift 12
	BOOL  shift 13
	INT  shift 14
	STRING  shift 15
	CLASS  shift 16
	NULL  shift 46
	THIS  shift 47
	WHILE  shift 48
	FOR  shift 49
	IF  shift 50
	RETURN  shift 51
	BREAK  shift 52
	NEW  shift 53
	DO  shift 54
	PRINT  shift 55
	READ_INTEGER  shift 56
	READ_LINE  shift 57
	LITERAL  shift 58
	INSTANCEOF  shift 59
	NUMINSTANCES  shift 60
	INC  shift 61
	DEC  shift 62
	'-'  shift 63
	'!'  shift 64
	'('  shift 65
	'{'  shift 41
	IDENTIFIER  reduce 41
	';'  reduce 39

	VariableDef  goto 67
	Variable  goto 20
	Type  goto 33
	StmtBlock  goto 68
	Stmt  goto 197
	SimpleStmt  goto 70
	IfStmt  goto 71
	GuardStmt  goto 72
	WhileStmt  goto 73
	ForStmt  goto 74
	ReturnStmt  goto 75
	PrintStmt  goto 76
	BreakStmt  goto 77
	LValue  goto 78
	Expr  goto 79
	Call  goto 80
	Receiver  goto 81
	Constant  goto 82


state 197
	ForStmt : FOR '(' SimpleStmt ';' Expr ';' SimpleStmt ')' Stmt .  (84)

	.  reduce 84


59 terminals, 32 nonterminals
96 grammar rules, 198 states
